2023-12-13 17:16:04 LogWrapper initialized: ./logs/error_2023-12-13.log
2023-12-13 17:16:30 LogWrapper initialized: ./logs/error_2023-12-13.log
2023-12-13 17:26:51 LogWrapper initialized: ./logs/error_2023-12-13.log
2023-12-13 17:26:51 LogWrapper initialized: ./logs/error_2023-12-13.log
2023-12-13 17:31:07 Trading Bot CRASH: 'GBPJPY'
2023-12-13 17:31:07 Trading Bot CRASH: 'GBPJPY'
2023-12-13 17:33:32 LogWrapper initialized: ./logs/error_2023-12-13.log
2023-12-13 17:41:18 LogWrapper initialized: ./logs/error_2023-12-13.log
2023-12-13 17:43:19 LogWrapper initialized: ./logs/error_2023-12-13.log
2023-12-13 17:44:02 Trading Bot CRASH: 'CandleManager' object has no attribute 'timings'
2023-12-13 17:45:15 LogWrapper initialized: ./logs/error_2023-12-13.log
2023-12-13 17:46:09 Trading Bot CRASH: 'CandleManager' object has no attribute 'timings'
2023-12-13 17:47:08 Trading Bot CRASH: 'CandleManager' object has no attribute 'timings'
2023-12-13 17:49:48 LogWrapper initialized: ./logs/error_2023-12-13.log
2023-12-13 17:49:58 Trading Bot CRASH: 'CandleManager' object has no attribute 'timings'
2023-12-13 17:54:17 LogWrapper initialized: ./logs/error_2023-12-13.log
2023-12-13 17:56:01 trade_analysis -> get_candles 2023-12-13 15:55:00 not correct, EURGBP
2023-12-13 19:40:00 LogWrapper initialized: ./logs/error_2023-12-13.log
2023-12-13 19:40:11 Trading Bot CRASH: 'CandleManager' object has no attribute 'pairs_timings'
2023-12-13 19:40:18 Trading Bot CRASH: 'CandleManager' object has no attribute 'pairs_timings'
2023-12-13 19:41:07 LogWrapper initialized: ./logs/error_2023-12-13.log
2023-12-13 19:57:15 LogWrapper initialized: ./logs/error_2023-12-13.log
2023-12-13 20:00:06 LogWrapper initialized: ./logs/error_2023-12-13.log
2023-12-13 20:02:44 LogWrapper initialized: ./logs/error_2023-12-13.log
