2023-12-13 20:46:05 LogWrapper initialized: ./logs/GBPJPY_2023-12-13.log
2023-12-13 20:46:05 Setting up trade settings for {'n_ma': 6, 'n_std': 1.5, 'maxspread': 0.04, 'mingain': 0.06, 'riskreward': 1.5}
2023-12-13 22:14:40 LogWrapper initialized: ./logs/GBPJPY_2023-12-13.log
2023-12-13 22:14:40 Setting up trade settings for {'n_ma': 6, 'n_std': 1.5, 'maxspread': 0.04, 'mingain': 0.06, 'riskreward': 1.5}
2023-12-13 22:14:43 CandleManager() collected most recent candle: collected most recent candle: 23-12-13 20:13 Is-ready:False
2023-12-13 22:16:10 Placing trade: TradeDecision(): GBPJPY dir:-1 gain:0.0902 sl:180.5186 tp:180.3683
2023-12-13 22:22:14 LogWrapper initialized: ./logs/GBPJPY_2023-12-13.log
2023-12-13 22:22:14 Setting up trade settings for {'n_ma': 6, 'n_std': 1.5, 'maxspread': 0.04, 'mingain': 0.06, 'riskreward': 1.5}
2023-12-13 22:22:17 CandleManager() collected most recent candle: collected most recent candle: 23-12-13 20:21 Is-ready:False
2023-12-13 22:23:11 Placing trade: TradeDecision(): GBPJPY dir:1 gain:0.1118 sl:180.5439 tp:180.7303
2023-12-13 22:24:06 Placing trade: TradeDecision(): GBPJPY dir:1 gain:0.1042 sl:180.5811 tp:180.7547
2023-12-13 22:39:09 LogWrapper initialized: ./logs/GBPJPY_2023-12-13.log
2023-12-13 22:39:09 Setting up trade settings for {'n_ma': 6, 'n_std': 1.5, 'maxspread': 0.04, 'mingain': 0.06, 'riskreward': 1.5}
2023-12-13 22:39:12 CandleManager() collected most recent candle: collected most recent candle: 23-12-13 20:38 Is-ready:False
2023-12-13 22:45:43 LogWrapper initialized: ./logs/GBPJPY_2023-12-13.log
2023-12-13 22:45:43 Setting up trade settings for {'n_ma': 6, 'n_std': 1.5, 'maxspread': 0.04, 'mingain': 0.06, 'riskreward': 1.5}
2023-12-13 22:45:46 CandleManager() collected most recent candle: collected most recent candle: 23-12-13 20:44 Is-ready:False
2023-12-13 22:47:07 LogWrapper initialized: ./logs/GBPJPY_2023-12-13.log
2023-12-13 22:47:07 Setting up trade settings for {'n_ma': 6, 'n_std': 1.5, 'maxspread': 0.04, 'mingain': 0.06, 'riskreward': 1.5}
2023-12-13 22:47:10 CandleManager() collected most recent candle: collected most recent candle: 23-12-13 20:46 Is-ready:False
2023-12-13 22:53:11 Placing trade: TradeDecision(): GBPJPY dir:-1 gain:0.0707 sl:180.6201 tp:180.5023
2023-12-13 22:53:12 get_trade_size() our_pip_value 0.642806
2023-12-13 22:53:12 get_trade_size() num_pips:4.714814814812485 per_pip_loss:2.7572663000799174 ratio:4.289424037708325 trade_pure:42894.240377083246 trade_size:42000
2023-12-13 22:53:12 ERROR placing TradeDecision(): GBPJPY dir:-1 gain:0.0707 sl:180.6201 tp:180.5023
2023-12-13 22:55:07 Placing trade: TradeDecision(): GBPJPY dir:-1 gain:0.1345 sl:180.5647 tp:180.3405
2023-12-13 22:55:07 get_trade_size() our_pip_value 0.643037
2023-12-13 22:55:07 get_trade_size() num_pips:8.968518518517499 per_pip_loss:1.4495147635764605 ratio:2.2541693991330245 trade_pure:22541.693991330245 trade_size:22000
2023-12-13 22:55:08 ERROR placing TradeDecision(): GBPJPY dir:-1 gain:0.1345 sl:180.5647 tp:180.3405
2023-12-13 22:56:10 Placing trade: TradeDecision(): GBPJPY dir:-1 gain:0.1473 sl:180.5227 tp:180.2772
2023-12-13 22:56:10 Failed to place a trade TradeDecision(): GBPJPY dir:-1 gain:0.1473 sl:180.5227 tp:180.2772, already open: {'id': 175210003, 'instrument': 'GBPJPY', 'price': 180.448, 'initialAmount': 22000, 'unrealizedPL': 3.39, 'marginUsed': 255.31, 'stop_loss': 180.34, 'take_profit': 0.0}
2023-12-13 22:56:52 LogWrapper initialized: ./logs/GBPJPY_2023-12-13.log
2023-12-13 22:56:52 Setting up trade settings for {'n_ma': 6, 'n_std': 1.5, 'maxspread': 0.04, 'mingain': 0.06, 'riskreward': 1.5}
2023-12-13 22:56:56 CandleManager() collected most recent candle: collected most recent candle: 23-12-13 20:55 Is-ready:False
2023-12-13 22:57:09 Placing trade: TradeDecision(): GBPJPY dir:-1 gain:0.0833 sl:180.5051 tp:180.3662
2023-12-13 22:57:09 Failed to place a trade TradeDecision(): GBPJPY dir:-1 gain:0.0833 sl:180.5051 tp:180.3662, already open: {'id': 175210003, 'instrument': 'GBPJPY', 'price': 180.448, 'initialAmount': 22000, 'unrealizedPL': -1.99, 'marginUsed': 255.32, 'stop_loss': 180.34, 'take_profit': 0.0}
2023-12-13 22:57:43 LogWrapper initialized: ./logs/GBPJPY_2023-12-13.log
2023-12-13 22:57:43 Setting up trade settings for {'n_ma': 6, 'n_std': 1.5, 'maxspread': 0.04, 'mingain': 0.06, 'riskreward': 1.5}
2023-12-13 22:57:47 CandleManager() collected most recent candle: collected most recent candle: 23-12-13 20:56 Is-ready:False
2023-12-13 23:01:07 Placing trade: TradeDecision(): GBPJPY dir:1 gain:0.1260 sl:180.5280 tp:180.7380
2023-12-13 23:01:07 get_trade_size() our_pip_value 0.642616
2023-12-13 23:01:07 get_trade_size() num_pips:8.401851851851916 per_pip_loss:1.547277936962739 ratio:2.4077810888251947 trade_pure:24077.81088825195 trade_size:24000
2023-12-13 23:01:08 ERROR placing TradeDecision(): GBPJPY dir:1 gain:0.1260 sl:180.5280 tp:180.7380
2023-12-13 23:01:45 LogWrapper initialized: ./logs/GBPJPY_2023-12-13.log
2023-12-13 23:01:45 Setting up trade settings for {'n_ma': 6, 'n_std': 1.5, 'maxspread': 0.04, 'mingain': 0.06, 'riskreward': 1.5}
2023-12-13 23:01:49 CandleManager() collected most recent candle: collected most recent candle: 23-12-13 21:00 Is-ready:False
2023-12-13 23:03:44 LogWrapper initialized: ./logs/GBPJPY_2023-12-13.log
2023-12-13 23:03:44 Setting up trade settings for {'n_ma': 6, 'n_std': 1.5, 'maxspread': 0.04, 'mingain': 0.06, 'riskreward': 1.5}
2023-12-13 23:03:48 CandleManager() collected most recent candle: collected most recent candle: 23-12-13 21:02 Is-ready:False
2023-12-13 23:05:07 Placing trade: TradeDecision(): GBPJPY dir:-1 gain:0.1056 sl:180.5024 tp:180.3264
2023-12-13 23:05:08 get_trade_size() our_pip_value 0.643037
2023-12-13 23:05:08 get_trade_size() num_pips:7.0388888888913925 per_pip_loss:1.8468823993679302 ratio:2.872123756905055 trade_pure:28721.237569050547 trade_size:28000
2023-12-13 23:05:08 ERROR placing TradeDecision(): GBPJPY dir:-1 gain:0.1056 sl:180.5024 tp:180.3264
2023-12-13 23:05:50 LogWrapper initialized: ./logs/GBPJPY_2023-12-13.log
2023-12-13 23:05:50 Setting up trade settings for {'n_ma': 6, 'n_std': 1.5, 'maxspread': 0.04, 'mingain': 0.06, 'riskreward': 1.5}
2023-12-13 23:05:53 CandleManager() collected most recent candle: collected most recent candle: 23-12-13 21:04 Is-ready:False
2023-12-13 23:06:50 LogWrapper initialized: ./logs/GBPJPY_2023-12-13.log
2023-12-13 23:06:50 Setting up trade settings for {'n_ma': 6, 'n_std': 1.5, 'maxspread': 0.04, 'mingain': 0.06, 'riskreward': 1.5}
2023-12-13 23:06:53 CandleManager() collected most recent candle: collected most recent candle: 23-12-13 21:05 Is-ready:False
2023-12-13 23:08:03 LogWrapper initialized: ./logs/GBPJPY_2023-12-13.log
2023-12-13 23:08:03 Setting up trade settings for {'n_ma': 6, 'n_std': 1.5, 'maxspread': 0.04, 'mingain': 0.06, 'riskreward': 1.5}
2023-12-13 23:08:07 CandleManager() collected most recent candle: collected most recent candle: 23-12-13 21:07 Is-ready:False
2023-12-13 23:13:03 Placing trade: TradeDecision(): GBPJPY dir:1 gain:0.0600 sl:180.5690 tp:180.6690
2023-12-13 23:13:04 get_trade_size() our_pip_value 0.642488
2023-12-13 23:13:04 get_trade_size() num_pips:4.001851851850802 per_pip_loss:3.2484960666366693 ratio:5.056121702916643 trade_pure:50561.21702916643 trade_size:50000
2023-12-13 23:13:04 ERROR placing TradeDecision(): GBPJPY dir:1 gain:0.0600 sl:180.5690 tp:180.6690
2023-12-13 23:14:11 Placing trade: TradeDecision(): GBPJPY dir:1 gain:0.0795 sl:180.5900 tp:180.7225
2023-12-13 23:14:12 Failed to place a trade TradeDecision(): GBPJPY dir:1 gain:0.0795 sl:180.5900 tp:180.7225, already open: {'id': 175210006, 'instrument': 'GBPJPY', 'price': 180.613, 'initialAmount': 50000, 'unrealizedPL': -0.97, 'marginUsed': 580.23, 'stop_loss': 180.669, 'take_profit': 0.0}
2023-12-13 23:18:19 LogWrapper initialized: ./logs/GBPJPY_2023-12-13.log
2023-12-13 23:18:19 Setting up trade settings for {'n_ma': 6, 'n_std': 1.5, 'maxspread': 0.04, 'mingain': 0.06, 'riskreward': 1.5}
2023-12-13 23:18:22 CandleManager() collected most recent candle: collected most recent candle: 23-12-13 21:17 Is-ready:False
2023-12-13 23:20:10 Placing trade: TradeDecision(): GBPJPY dir:1 gain:0.0889 sl:180.6283 tp:180.7764
2023-12-13 23:20:11 get_trade_size() our_pip_value 0.642302
2023-12-13 23:20:11 get_trade_size() num_pips:5.924074074076202 per_pip_loss:2.194435761174579 ratio:3.4165170365726993 trade_pure:34165.17036572699 trade_size:34000
2023-12-13 23:20:11 ERROR placing TradeDecision(): GBPJPY dir:1 gain:0.0889 sl:180.6283 tp:180.7764
2023-12-13 23:22:51 LogWrapper initialized: ./logs/GBPJPY_2023-12-13.log
2023-12-13 23:22:51 Setting up trade settings for {'n_ma': 6, 'n_std': 1.5, 'maxspread': 0.04, 'mingain': 0.06, 'riskreward': 1.5}
2023-12-13 23:22:54 CandleManager() collected most recent candle: collected most recent candle: 23-12-13 21:21 Is-ready:False
2023-12-13 23:28:19 LogWrapper initialized: ./logs/GBPJPY_2023-12-13.log
2023-12-13 23:28:19 Setting up trade settings for {'n_ma': 6, 'n_std': 1.5, 'maxspread': 0.04, 'mingain': 0.06, 'riskreward': 1.5}
2023-12-13 23:28:23 CandleUtility collected most recent candle: collected most recent candle: 23-12-13 21:27 Is-ready:False
2023-12-13 23:43:06 Placing trade: TradeDecision(): GBPJPY dir:-1 gain:0.0673 sl:180.4578 tp:180.3457
2023-12-13 23:43:06 get_trade_size() our_pip_value 0.642992
2023-12-13 23:43:06 get_trade_size() num_pips:4.483333333334372 per_pip_loss:2.8996282527874326 ratio:4.509588847582601 trade_pure:45095.88847582601 trade_size:45000
2023-12-13 23:43:07 ERROR placing TradeDecision(): GBPJPY dir:-1 gain:0.0673 sl:180.4578 tp:180.3457
2023-12-13 23:44:11 Placing trade: TradeDecision(): GBPJPY dir:-1 gain:0.0884 sl:180.4314 tp:180.2841
2023-12-13 23:44:11 Failed to place a trade TradeDecision(): GBPJPY dir:-1 gain:0.0884 sl:180.4314 tp:180.2841, already open: {'id': 175210008, 'instrument': 'GBPJPY', 'price': 180.416, 'initialAmount': 45000, 'unrealizedPL': 8.1, 'marginUsed': 522.13, 'stop_loss': 180.346, 'take_profit': 0.0}
