2023-12-12 20:56:07 LogWrapper init() ./logs/main_2023-12-12.log
2023-12-12 20:56:07 Trading Bot initiated with Trade Settings:
{'n_ma': 13, 'n_std': 2.5, 'maxspread': 0.0004, 'mingain': 0.0006, 'riskreward': 1.5}
{'n_ma': 12, 'n_std': 2.5, 'maxspread': 0.0004, 'mingain': 0.0006, 'riskreward': 1.5}
{'n_ma': 12, 'n_std': 2.5, 'maxspread': 0.0004, 'mingain': 0.0006, 'riskreward': 1.5}
{'n_ma': 12, 'n_std': 2.5, 'maxspread': 0.04, 'mingain': 0.06, 'riskreward': 1.5}
{'n_ma': 12, 'n_std': 2.5, 'maxspread': 0.0004, 'mingain': 0.0006, 'riskreward': 1.5}

2023-12-12 20:56:11 Bot turned on
2023-12-12 20:57:09 Processing triggered pairs: ['EURCHF', 'EURGBP', 'GBPCHF', 'GBPJPY', 'GBPUSD']
2023-12-12 20:57:09 Analyzing trade decision: max_candle_rows:-33 candle_time:2023-12-12 18:56:00 timeframe:M1, EURCHF
2023-12-12 20:57:10 Processed Candles:
      PAIR                time     mid_c     mid_o   SL   TP   SPREAD      GAIN      LOSS  SIGNAL
26  EURCHF 2023-12-12 18:52:00  0.945195  0.945185  0.0  0.0  0.00007  0.000035  0.945195       0
27  EURCHF 2023-12-12 18:53:00  0.945175  0.945195  0.0  0.0  0.00005  0.000014  0.945175       0
28  EURCHF 2023-12-12 18:54:00  0.945160  0.945170  0.0  0.0  0.00004  0.000002  0.945160       0
29  EURCHF 2023-12-12 18:55:00  0.945115  0.945160  0.0  0.0  0.00005  0.000046  0.945115       0
30  EURCHF 2023-12-12 18:56:00  0.945120  0.945120  0.0  0.0  0.00004  0.000041  0.945120       0, EURCHF
2023-12-12 20:57:10 Analyzing trade decision: max_candle_rows:-32 candle_time:2023-12-12 18:56:00 timeframe:M1, EURGBP
2023-12-12 20:57:11 Processed Candles:
      PAIR                time     mid_c     mid_o   SL   TP   SPREAD          GAIN      LOSS  SIGNAL
25  EURGBP 2023-12-12 18:52:00  0.858975  0.858965  0.0  0.0  0.00003  3.805556e-05  0.858975       0
26  EURGBP 2023-12-12 18:53:00  0.858940  0.858970  0.0  0.0  0.00002  6.430556e-05  0.858940       0
27  EURGBP 2023-12-12 18:54:00  0.859000  0.858940  0.0  0.0  0.00002  2.777778e-07  0.859000       0
28  EURGBP 2023-12-12 18:55:00  0.858990  0.859000  0.0  0.0  0.00002  5.833333e-06  0.858990       0
29  EURGBP 2023-12-12 18:56:00  0.859040  0.858985  0.0  0.0  0.00002  5.138889e-05  0.859040       0, EURGBP
2023-12-12 20:57:11 Analyzing trade decision: max_candle_rows:-32 candle_time:2023-12-12 18:56:00 timeframe:M1, GBPCHF
2023-12-12 20:57:11 Processed Candles:
      PAIR                time     mid_c     mid_o   SL   TP   SPREAD      GAIN      LOSS  SIGNAL
25  GBPCHF 2023-12-12 18:52:00  1.100365  1.100370  0.0  0.0  0.00009  0.000086  1.100365       0
26  GBPCHF 2023-12-12 18:53:00  1.100390  1.100370  0.0  0.0  0.00008  0.000098  1.100390       0
27  GBPCHF 2023-12-12 18:54:00  1.100280  1.100385  0.0  0.0  0.00008  0.000020  1.100280       0
28  GBPCHF 2023-12-12 18:55:00  1.100245  1.100285  0.0  0.0  0.00007  0.000061  1.100245       0
29  GBPCHF 2023-12-12 18:56:00  1.100200  1.100260  0.0  0.0  0.00006  0.000113  1.100200       0, GBPCHF
2023-12-12 20:57:11 Analyzing trade decision: max_candle_rows:-32 candle_time:2023-12-12 18:56:00 timeframe:M1, GBPJPY
2023-12-12 20:57:12 Processed Candles:
      PAIR                time     mid_c     mid_o   SL   TP  SPREAD      GAIN      LOSS  SIGNAL
25  GBPJPY 2023-12-12 18:52:00  182.9795  182.9720  0.0  0.0   0.007  0.059722  182.9795       0
26  GBPJPY 2023-12-12 18:53:00  182.9905  182.9805  0.0  0.0   0.007  0.064056  182.9905       0
27  GBPJPY 2023-12-12 18:54:00  182.9875  182.9890  0.0  0.0   0.009  0.053125  182.9875       0
28  GBPJPY 2023-12-12 18:55:00  182.9835  182.9885  0.0  0.0   0.007  0.041875  182.9835       0
29  GBPJPY 2023-12-12 18:56:00  182.9745  182.9825  0.0  0.0   0.011  0.025500  182.9745       0, GBPJPY
2023-12-12 20:57:12 Analyzing trade decision: max_candle_rows:-32 candle_time:2023-12-12 18:56:00 timeframe:M1, GBPUSD
2023-12-12 20:57:13 Processed Candles:
      PAIR                time     mid_c     mid_o   SL   TP   SPREAD      GAIN      LOSS  SIGNAL
25  GBPUSD 2023-12-12 18:52:00  1.256640  1.256500  0.0  0.0  0.00006  0.000177  1.256640       0
26  GBPUSD 2023-12-12 18:53:00  1.256545  1.256635  0.0  0.0  0.00001  0.000042  1.256545       0
27  GBPUSD 2023-12-12 18:54:00  1.256505  1.256550  0.0  0.0  0.00003  0.000015  1.256505       0
28  GBPUSD 2023-12-12 18:55:00  1.256515  1.256510  0.0  0.0  0.00001  0.000010  1.256515       0
29  GBPUSD 2023-12-12 18:56:00  1.256625  1.256505  0.0  0.0  0.00007  0.000084  1.256625       0, GBPUSD
2023-12-12 20:58:12 Processing triggered pairs: ['EURCHF', 'EURGBP', 'GBPCHF', 'GBPJPY', 'GBPUSD']
2023-12-12 20:58:12 Analyzing trade decision: max_candle_rows:-33 candle_time:2023-12-12 18:57:00 timeframe:M1, EURCHF
2023-12-12 20:58:13 Processed Candles:
      PAIR                time     mid_c     mid_o   SL   TP   SPREAD      GAIN      LOSS  SIGNAL
26  EURCHF 2023-12-12 18:53:00  0.945175  0.945195  0.0  0.0  0.00005  0.000014  0.945175       0
27  EURCHF 2023-12-12 18:54:00  0.945160  0.945170  0.0  0.0  0.00004  0.000002  0.945160       0
28  EURCHF 2023-12-12 18:55:00  0.945115  0.945160  0.0  0.0  0.00005  0.000046  0.945115       0
29  EURCHF 2023-12-12 18:56:00  0.945120  0.945120  0.0  0.0  0.00004  0.000041  0.945120       0
30  EURCHF 2023-12-12 18:57:00  0.945120  0.945125  0.0  0.0  0.00004  0.000039  0.945120       0, EURCHF
2023-12-12 20:58:13 Analyzing trade decision: max_candle_rows:-32 candle_time:2023-12-12 18:57:00 timeframe:M1, EURGBP
2023-12-12 20:58:14 Processed Candles:
      PAIR                time     mid_c     mid_o   SL   TP   SPREAD          GAIN      LOSS  SIGNAL
25  EURGBP 2023-12-12 18:53:00  0.858940  0.858970  0.0  0.0  0.00002  6.430556e-05  0.858940       0
26  EURGBP 2023-12-12 18:54:00  0.859000  0.858940  0.0  0.0  0.00002  2.777778e-07  0.859000       0
27  EURGBP 2023-12-12 18:55:00  0.858990  0.859000  0.0  0.0  0.00002  5.833333e-06  0.858990       0
28  EURGBP 2023-12-12 18:56:00  0.859040  0.858985  0.0  0.0  0.00002  5.138889e-05  0.859040       0
29  EURGBP 2023-12-12 18:57:00  0.859005  0.859040  0.0  0.0  0.00003  2.430556e-05  0.859005       0, EURGBP
2023-12-12 20:58:14 Analyzing trade decision: max_candle_rows:-32 candle_time:2023-12-12 18:57:00 timeframe:M1, GBPCHF
2023-12-12 20:58:15 Processed Candles:
      PAIR                time     mid_c     mid_o   SL   TP   SPREAD      GAIN      LOSS  SIGNAL
25  GBPCHF 2023-12-12 18:53:00  1.100390  1.100370  0.0  0.0  0.00008  0.000098  1.100390       0
26  GBPCHF 2023-12-12 18:54:00  1.100280  1.100385  0.0  0.0  0.00008  0.000020  1.100280       0
27  GBPCHF 2023-12-12 18:55:00  1.100245  1.100285  0.0  0.0  0.00007  0.000061  1.100245       0
28  GBPCHF 2023-12-12 18:56:00  1.100200  1.100260  0.0  0.0  0.00006  0.000113  1.100200       0
29  GBPCHF 2023-12-12 18:57:00  1.100235  1.100205  0.0  0.0  0.00007  0.000083  1.100235       0, GBPCHF
2023-12-12 20:58:15 Analyzing trade decision: max_candle_rows:-32 candle_time:2023-12-12 18:57:00 timeframe:M1, GBPJPY
2023-12-12 20:58:16 Processed Candles:
      PAIR                time     mid_c     mid_o   SL   TP  SPREAD      GAIN      LOSS  SIGNAL
25  GBPJPY 2023-12-12 18:53:00  182.9905  182.9805  0.0  0.0   0.007  0.064056  182.9905       0
26  GBPJPY 2023-12-12 18:54:00  182.9875  182.9890  0.0  0.0   0.009  0.053125  182.9875       0
27  GBPJPY 2023-12-12 18:55:00  182.9835  182.9885  0.0  0.0   0.007  0.041875  182.9835       0
28  GBPJPY 2023-12-12 18:56:00  182.9745  182.9825  0.0  0.0   0.011  0.025500  182.9745       0
29  GBPJPY 2023-12-12 18:57:00  182.9710  182.9750  0.0  0.0   0.008  0.015292  182.9710       0, GBPJPY
2023-12-12 20:58:16 Analyzing trade decision: max_candle_rows:-32 candle_time:2023-12-12 18:57:00 timeframe:M1, GBPUSD
2023-12-12 20:58:17 Processed Candles:
      PAIR                time     mid_c     mid_o   SL   TP   SPREAD      GAIN      LOSS  SIGNAL
25  GBPUSD 2023-12-12 18:53:00  1.256545  1.256635  0.0  0.0  0.00001  0.000042  1.256545       0
26  GBPUSD 2023-12-12 18:54:00  1.256505  1.256550  0.0  0.0  0.00003  0.000015  1.256505       0
27  GBPUSD 2023-12-12 18:55:00  1.256515  1.256510  0.0  0.0  0.00001  0.000010  1.256515       0
28  GBPUSD 2023-12-12 18:56:00  1.256625  1.256505  0.0  0.0  0.00007  0.000084  1.256625       0
29  GBPUSD 2023-12-12 18:57:00  1.256495  1.256620  0.0  0.0  0.00001  0.000047  1.256495       0, GBPUSD
2023-12-12 20:59:02 Processing triggered pairs: ['GBPCHF', 'GBPJPY', 'GBPUSD']
2023-12-12 20:59:02 Analyzing trade decision: max_candle_rows:-32 candle_time:2023-12-12 18:58:00 timeframe:M1, GBPCHF
2023-12-12 20:59:03 Processed Candles:
      PAIR                time     mid_c     mid_o   SL   TP   SPREAD      GAIN      LOSS  SIGNAL
25  GBPCHF 2023-12-12 18:54:00  1.100280  1.100385  0.0  0.0  0.00008  0.000020  1.100280       0
26  GBPCHF 2023-12-12 18:55:00  1.100245  1.100285  0.0  0.0  0.00007  0.000061  1.100245       0
27  GBPCHF 2023-12-12 18:56:00  1.100200  1.100260  0.0  0.0  0.00006  0.000113  1.100200       0
28  GBPCHF 2023-12-12 18:57:00  1.100235  1.100205  0.0  0.0  0.00007  0.000083  1.100235       0
29  GBPCHF 2023-12-12 18:58:00  1.100225  1.100240  0.0  0.0  0.00005  0.000099  1.100225       0, GBPCHF
2023-12-12 20:59:03 Analyzing trade decision: max_candle_rows:-32 candle_time:2023-12-12 18:58:00 timeframe:M1, GBPJPY
2023-12-12 20:59:04 Processed Candles:
      PAIR                time     mid_c     mid_o   SL   TP  SPREAD      GAIN      LOSS  SIGNAL
25  GBPJPY 2023-12-12 18:54:00  182.9875  182.9890  0.0  0.0   0.009  0.053125  182.9875       0
26  GBPJPY 2023-12-12 18:55:00  182.9835  182.9885  0.0  0.0   0.007  0.041875  182.9835       0
27  GBPJPY 2023-12-12 18:56:00  182.9745  182.9825  0.0  0.0   0.011  0.025500  182.9745       0
28  GBPJPY 2023-12-12 18:57:00  182.9710  182.9750  0.0  0.0   0.008  0.015292  182.9710       0
29  GBPJPY 2023-12-12 18:58:00  182.9555  182.9700  0.0  0.0   0.007  0.005944  182.9555       0, GBPJPY
2023-12-12 20:59:04 Analyzing trade decision: max_candle_rows:-32 candle_time:2023-12-12 18:58:00 timeframe:M1, GBPUSD
2023-12-12 20:59:05 Processed Candles:
      PAIR                time     mid_c     mid_o   SL   TP   SPREAD      GAIN      LOSS  SIGNAL
25  GBPUSD 2023-12-12 18:54:00  1.256505  1.256550  0.0  0.0  0.00003  0.000015  1.256505       0
26  GBPUSD 2023-12-12 18:55:00  1.256515  1.256510  0.0  0.0  0.00001  0.000010  1.256515       0
27  GBPUSD 2023-12-12 18:56:00  1.256625  1.256505  0.0  0.0  0.00007  0.000084  1.256625       0
28  GBPUSD 2023-12-12 18:57:00  1.256495  1.256620  0.0  0.0  0.00001  0.000047  1.256495       0
29  GBPUSD 2023-12-12 18:58:00  1.256310  1.256490  0.0  0.0  0.00000  0.000216  1.256310       0, GBPUSD
2023-12-12 20:59:10 LogWrapper init() ./logs/main_2023-12-12.log
2023-12-12 20:59:10 Trading Bot initiated with Trade Settings:
{'n_ma': 13, 'n_std': 2.5, 'maxspread': 0.0004, 'mingain': 0.0006, 'riskreward': 1.5}
{'n_ma': 12, 'n_std': 2.5, 'maxspread': 0.0004, 'mingain': 0.0006, 'riskreward': 1.5}
{'n_ma': 12, 'n_std': 2.5, 'maxspread': 0.0004, 'mingain': 0.0006, 'riskreward': 1.5}
{'n_ma': 12, 'n_std': 2.5, 'maxspread': 0.04, 'mingain': 0.06, 'riskreward': 1.5}
{'n_ma': 12, 'n_std': 2.5, 'maxspread': 0.0004, 'mingain': 0.0006, 'riskreward': 1.5}

2023-12-12 20:59:14 Bot shut down
2023-12-12 21:02:02 LogWrapper init() ./logs/main_2023-12-12.log
2023-12-12 21:02:02 LogWrapper init() ./logs/main_2023-12-12.log
2023-12-12 21:02:02 Trading Bot initiated with Trade Settings:
{'n_ma': 13, 'n_std': 2.5, 'maxspread': 0.0004, 'mingain': 0.0006, 'riskreward': 1.5}
{'n_ma': 12, 'n_std': 2.5, 'maxspread': 0.0004, 'mingain': 0.0006, 'riskreward': 1.5}
{'n_ma': 12, 'n_std': 2.5, 'maxspread': 0.0004, 'mingain': 0.0006, 'riskreward': 1.5}
{'n_ma': 12, 'n_std': 2.5, 'maxspread': 0.04, 'mingain': 0.06, 'riskreward': 1.5}
{'n_ma': 12, 'n_std': 2.5, 'maxspread': 0.0004, 'mingain': 0.0006, 'riskreward': 1.5}

2023-12-12 21:02:02 Trading Bot initiated with Trade Settings:
{'n_ma': 13, 'n_std': 2.5, 'maxspread': 0.0004, 'mingain': 0.0006, 'riskreward': 1.5}
{'n_ma': 12, 'n_std': 2.5, 'maxspread': 0.0004, 'mingain': 0.0006, 'riskreward': 1.5}
{'n_ma': 12, 'n_std': 2.5, 'maxspread': 0.0004, 'mingain': 0.0006, 'riskreward': 1.5}
{'n_ma': 12, 'n_std': 2.5, 'maxspread': 0.04, 'mingain': 0.06, 'riskreward': 1.5}
{'n_ma': 12, 'n_std': 2.5, 'maxspread': 0.0004, 'mingain': 0.0006, 'riskreward': 1.5}

2023-12-12 21:02:06 Bot turned on
2023-12-12 21:02:06 Bot turned on
2023-12-12 21:03:05 Processing triggered pairs: ['GBPCHF', 'GBPJPY', 'GBPUSD']
2023-12-12 21:03:05 Processing triggered pairs: ['GBPCHF', 'GBPJPY', 'GBPUSD']
2023-12-12 21:03:05 Analyzing trade decision: max_candle_rows:-32 candle_time:2023-12-12 19:02:00 timeframe:M1, GBPCHF
2023-12-12 21:03:05 Analyzing trade decision: max_candle_rows:-32 candle_time:2023-12-12 19:02:00 timeframe:M1, GBPCHF
2023-12-12 21:03:05 Processed Candles:
      PAIR                time     mid_c     mid_o   SL   TP   SPREAD      GAIN      LOSS  SIGNAL
25  GBPCHF 2023-12-12 18:58:00  1.100225  1.100240  0.0  0.0  0.00005  0.000099  1.100225       0
26  GBPCHF 2023-12-12 18:59:00  1.100210  1.100230  0.0  0.0  0.00006  0.000115  1.100210       0
27  GBPCHF 2023-12-12 19:00:00  1.100155  1.100215  0.0  0.0  0.00009  0.000153  1.100155       0
28  GBPCHF 2023-12-12 19:01:00  1.100175  1.100155  0.0  0.0  0.00009  0.000104  1.100175       0
29  GBPCHF 2023-12-12 19:02:00  1.100140  1.100185  0.0  0.0  0.00008  0.000116  1.100140       0, GBPCHF
2023-12-12 21:03:05 Processed Candles:
      PAIR                time     mid_c     mid_o   SL   TP   SPREAD      GAIN      LOSS  SIGNAL
25  GBPCHF 2023-12-12 18:58:00  1.100225  1.100240  0.0  0.0  0.00005  0.000099  1.100225       0
26  GBPCHF 2023-12-12 18:59:00  1.100210  1.100230  0.0  0.0  0.00006  0.000115  1.100210       0
27  GBPCHF 2023-12-12 19:00:00  1.100155  1.100215  0.0  0.0  0.00009  0.000153  1.100155       0
28  GBPCHF 2023-12-12 19:01:00  1.100175  1.100155  0.0  0.0  0.00009  0.000104  1.100175       0
29  GBPCHF 2023-12-12 19:02:00  1.100140  1.100185  0.0  0.0  0.00008  0.000116  1.100140       0, GBPCHF
2023-12-12 21:03:05 Analyzing trade decision: max_candle_rows:-32 candle_time:2023-12-12 19:02:00 timeframe:M1, GBPJPY
2023-12-12 21:03:05 Analyzing trade decision: max_candle_rows:-32 candle_time:2023-12-12 19:02:00 timeframe:M1, GBPJPY
2023-12-12 21:03:06 Processed Candles:
      PAIR                time     mid_c     mid_o   SL   TP  SPREAD      GAIN      LOSS  SIGNAL
25  GBPJPY 2023-12-12 18:58:00  182.9555  182.9700  0.0  0.0   0.007  0.005944  182.9555       0
26  GBPJPY 2023-12-12 18:59:00  182.9340  182.9545  0.0  0.0   0.012  0.030500  182.9340       0
27  GBPJPY 2023-12-12 19:00:00  182.9140  182.9345  0.0  0.0   0.010  0.050708  182.9140       0
28  GBPJPY 2023-12-12 19:01:00  182.9060  182.9135  0.0  0.0   0.012  0.055167  182.9060       0
29  GBPJPY 2023-12-12 19:02:00  182.9055  182.9075  0.0  0.0   0.011  0.051583  182.9055       0, GBPJPY
2023-12-12 21:03:06 Processed Candles:
      PAIR                time     mid_c     mid_o   SL   TP  SPREAD      GAIN      LOSS  SIGNAL
25  GBPJPY 2023-12-12 18:58:00  182.9555  182.9700  0.0  0.0   0.007  0.005944  182.9555       0
26  GBPJPY 2023-12-12 18:59:00  182.9340  182.9545  0.0  0.0   0.012  0.030500  182.9340       0
27  GBPJPY 2023-12-12 19:00:00  182.9140  182.9345  0.0  0.0   0.010  0.050708  182.9140       0
28  GBPJPY 2023-12-12 19:01:00  182.9060  182.9135  0.0  0.0   0.012  0.055167  182.9060       0
29  GBPJPY 2023-12-12 19:02:00  182.9055  182.9075  0.0  0.0   0.011  0.051583  182.9055       0, GBPJPY
2023-12-12 21:03:06 Analyzing trade decision: max_candle_rows:-32 candle_time:2023-12-12 19:02:00 timeframe:M1, GBPUSD
2023-12-12 21:03:06 Analyzing trade decision: max_candle_rows:-32 candle_time:2023-12-12 19:02:00 timeframe:M1, GBPUSD
2023-12-12 21:03:07 Processed Candles:
      PAIR                time     mid_c     mid_o   SL   TP   SPREAD      GAIN      LOSS  SIGNAL
25  GBPUSD 2023-12-12 18:58:00  1.256310  1.256490  0.0  0.0  0.00000  0.000216  1.256310       0
26  GBPUSD 2023-12-12 18:59:00  1.256220  1.256315  0.0  0.0  0.00002  0.000278  1.256220       0
27  GBPUSD 2023-12-12 19:00:00  1.256095  1.256225  0.0  0.0  0.00001  0.000372  1.256095       0
28  GBPUSD 2023-12-12 19:01:00  1.256045  1.256060  0.0  0.0  0.00001  0.000381  1.256045       0
29  GBPUSD 2023-12-12 19:02:00  1.256230  1.256050  0.0  0.0  0.00002  0.000169  1.256230       0, GBPUSD
2023-12-12 21:03:07 Processed Candles:
      PAIR                time     mid_c     mid_o   SL   TP   SPREAD      GAIN      LOSS  SIGNAL
25  GBPUSD 2023-12-12 18:58:00  1.256310  1.256490  0.0  0.0  0.00000  0.000216  1.256310       0
26  GBPUSD 2023-12-12 18:59:00  1.256220  1.256315  0.0  0.0  0.00002  0.000278  1.256220       0
27  GBPUSD 2023-12-12 19:00:00  1.256095  1.256225  0.0  0.0  0.00001  0.000372  1.256095       0
28  GBPUSD 2023-12-12 19:01:00  1.256045  1.256060  0.0  0.0  0.00001  0.000381  1.256045       0
29  GBPUSD 2023-12-12 19:02:00  1.256230  1.256050  0.0  0.0  0.00002  0.000169  1.256230       0, GBPUSD
2023-12-12 21:03:18 Processing triggered pairs: ['EURCHF', 'EURGBP']
2023-12-12 21:03:18 Processing triggered pairs: ['EURCHF', 'EURGBP']
2023-12-12 21:03:18 Analyzing trade decision: max_candle_rows:-33 candle_time:2023-12-12 19:02:00 timeframe:M1, EURCHF
2023-12-12 21:03:18 Analyzing trade decision: max_candle_rows:-33 candle_time:2023-12-12 19:02:00 timeframe:M1, EURCHF
2023-12-12 21:03:18 Processed Candles:
      PAIR                time     mid_c     mid_o   SL   TP   SPREAD      GAIN      LOSS  SIGNAL
26  EURCHF 2023-12-12 18:58:00  0.945175  0.945125  0.0  0.0  0.00005  0.000016  0.945175       0
27  EURCHF 2023-12-12 18:59:00  0.945250  0.945180  0.0  0.0  0.00004  0.000084  0.945250       0
28  EURCHF 2023-12-12 19:00:00  0.945195  0.945255  0.0  0.0  0.00003  0.000022  0.945195       0
29  EURCHF 2023-12-12 19:01:00  0.945270  0.945190  0.0  0.0  0.00006  0.000092  0.945270       0
30  EURCHF 2023-12-12 19:02:00  0.945160  0.945270  0.0  0.0  0.00006  0.000019  0.945160       0, EURCHF
2023-12-12 21:03:18 Processed Candles:
      PAIR                time     mid_c     mid_o   SL   TP   SPREAD      GAIN      LOSS  SIGNAL
26  EURCHF 2023-12-12 18:58:00  0.945175  0.945125  0.0  0.0  0.00005  0.000016  0.945175       0
27  EURCHF 2023-12-12 18:59:00  0.945250  0.945180  0.0  0.0  0.00004  0.000084  0.945250       0
28  EURCHF 2023-12-12 19:00:00  0.945195  0.945255  0.0  0.0  0.00003  0.000022  0.945195       0
29  EURCHF 2023-12-12 19:01:00  0.945270  0.945190  0.0  0.0  0.00006  0.000092  0.945270       0
30  EURCHF 2023-12-12 19:02:00  0.945160  0.945270  0.0  0.0  0.00006  0.000019  0.945160       0, EURCHF
2023-12-12 21:03:18 Analyzing trade decision: max_candle_rows:-32 candle_time:2023-12-12 19:02:00 timeframe:M1, EURGBP
2023-12-12 21:03:18 Analyzing trade decision: max_candle_rows:-32 candle_time:2023-12-12 19:02:00 timeframe:M1, EURGBP
2023-12-12 21:03:20 Processed Candles:
      PAIR                time     mid_c     mid_o   SL   TP   SPREAD      GAIN      LOSS  SIGNAL
25  EURGBP 2023-12-12 18:58:00  0.859070  0.859005  0.0  0.0  0.00004  0.000091  0.859070       0
26  EURGBP 2023-12-12 18:59:00  0.859135  0.859080  0.0  0.0  0.00003  0.000148  0.859135       0
27  EURGBP 2023-12-12 19:00:00  0.859160  0.859140  0.0  0.0  0.00004  0.000157  0.859160       0
28  EURGBP 2023-12-12 19:01:00  0.859195  0.859170  0.0  0.0  0.00001  0.000167  0.859195       0
29  EURGBP 2023-12-12 19:02:00  0.859115  0.859190  0.0  0.0  0.00003  0.000069  0.859115       0, EURGBP
2023-12-12 21:03:20 Processed Candles:
      PAIR                time     mid_c     mid_o   SL   TP   SPREAD      GAIN      LOSS  SIGNAL
25  EURGBP 2023-12-12 18:58:00  0.859070  0.859005  0.0  0.0  0.00004  0.000091  0.859070       0
26  EURGBP 2023-12-12 18:59:00  0.859135  0.859080  0.0  0.0  0.00003  0.000148  0.859135       0
27  EURGBP 2023-12-12 19:00:00  0.859160  0.859140  0.0  0.0  0.00004  0.000157  0.859160       0
28  EURGBP 2023-12-12 19:01:00  0.859195  0.859170  0.0  0.0  0.00001  0.000167  0.859195       0
29  EURGBP 2023-12-12 19:02:00  0.859115  0.859190  0.0  0.0  0.00003  0.000069  0.859115       0, EURGBP
2023-12-12 21:04:05 Processing triggered pairs: ['EURCHF', 'EURGBP', 'GBPJPY', 'GBPUSD']
2023-12-12 21:04:05 Processing triggered pairs: ['EURCHF', 'EURGBP', 'GBPJPY', 'GBPUSD']
2023-12-12 21:04:05 Analyzing trade decision: max_candle_rows:-33 candle_time:2023-12-12 19:03:00 timeframe:M1, EURCHF
2023-12-12 21:04:05 Analyzing trade decision: max_candle_rows:-33 candle_time:2023-12-12 19:03:00 timeframe:M1, EURCHF
2023-12-12 21:04:05 Processed Candles:
      PAIR                time     mid_c     mid_o   SL   TP   SPREAD      GAIN      LOSS  SIGNAL
26  EURCHF 2023-12-12 18:59:00  0.945250  0.945180  0.0  0.0  0.00004  0.000084  0.945250       0
27  EURCHF 2023-12-12 19:00:00  0.945195  0.945255  0.0  0.0  0.00003  0.000022  0.945195       0
28  EURCHF 2023-12-12 19:01:00  0.945270  0.945190  0.0  0.0  0.00006  0.000092  0.945270       0
29  EURCHF 2023-12-12 19:02:00  0.945160  0.945270  0.0  0.0  0.00006  0.000019  0.945160       0
30  EURCHF 2023-12-12 19:03:00  0.945095  0.945155  0.0  0.0  0.00005  0.000077  0.945095       0, EURCHF
2023-12-12 21:04:05 Processed Candles:
      PAIR                time     mid_c     mid_o   SL   TP   SPREAD      GAIN      LOSS  SIGNAL
26  EURCHF 2023-12-12 18:59:00  0.945250  0.945180  0.0  0.0  0.00004  0.000084  0.945250       0
27  EURCHF 2023-12-12 19:00:00  0.945195  0.945255  0.0  0.0  0.00003  0.000022  0.945195       0
28  EURCHF 2023-12-12 19:01:00  0.945270  0.945190  0.0  0.0  0.00006  0.000092  0.945270       0
29  EURCHF 2023-12-12 19:02:00  0.945160  0.945270  0.0  0.0  0.00006  0.000019  0.945160       0
30  EURCHF 2023-12-12 19:03:00  0.945095  0.945155  0.0  0.0  0.00005  0.000077  0.945095       0, EURCHF
2023-12-12 21:04:05 Analyzing trade decision: max_candle_rows:-32 candle_time:2023-12-12 19:03:00 timeframe:M1, EURGBP
2023-12-12 21:04:05 Analyzing trade decision: max_candle_rows:-32 candle_time:2023-12-12 19:03:00 timeframe:M1, EURGBP
2023-12-12 21:04:06 Processed Candles:
      PAIR                time     mid_c    mid_o   SL   TP   SPREAD      GAIN      LOSS  SIGNAL
25  EURGBP 2023-12-12 18:59:00  0.859135  0.85908  0.0  0.0  0.00003  0.000148  0.859135       0
26  EURGBP 2023-12-12 19:00:00  0.859160  0.85914  0.0  0.0  0.00004  0.000157  0.859160       0
27  EURGBP 2023-12-12 19:01:00  0.859195  0.85917  0.0  0.0  0.00001  0.000167  0.859195       0
28  EURGBP 2023-12-12 19:02:00  0.859115  0.85919  0.0  0.0  0.00003  0.000069  0.859115       0
29  EURGBP 2023-12-12 19:03:00  0.859045  0.85911  0.0  0.0  0.00003  0.000010  0.859045       0, EURGBP
2023-12-12 21:04:06 Processed Candles:
      PAIR                time     mid_c    mid_o   SL   TP   SPREAD      GAIN      LOSS  SIGNAL
25  EURGBP 2023-12-12 18:59:00  0.859135  0.85908  0.0  0.0  0.00003  0.000148  0.859135       0
26  EURGBP 2023-12-12 19:00:00  0.859160  0.85914  0.0  0.0  0.00004  0.000157  0.859160       0
27  EURGBP 2023-12-12 19:01:00  0.859195  0.85917  0.0  0.0  0.00001  0.000167  0.859195       0
28  EURGBP 2023-12-12 19:02:00  0.859115  0.85919  0.0  0.0  0.00003  0.000069  0.859115       0
29  EURGBP 2023-12-12 19:03:00  0.859045  0.85911  0.0  0.0  0.00003  0.000010  0.859045       0, EURGBP
2023-12-12 21:04:06 Analyzing trade decision: max_candle_rows:-32 candle_time:2023-12-12 19:03:00 timeframe:M1, GBPJPY
2023-12-12 21:04:06 Analyzing trade decision: max_candle_rows:-32 candle_time:2023-12-12 19:03:00 timeframe:M1, GBPJPY
2023-12-12 21:04:06 Processed Candles:
      PAIR                time     mid_c     mid_o   SL   TP  SPREAD      GAIN      LOSS  SIGNAL
25  GBPJPY 2023-12-12 18:59:00  182.9340  182.9545  0.0  0.0   0.012  0.030500  182.9340       0
26  GBPJPY 2023-12-12 19:00:00  182.9140  182.9345  0.0  0.0   0.010  0.050708  182.9140       0
27  GBPJPY 2023-12-12 19:01:00  182.9060  182.9135  0.0  0.0   0.012  0.055167  182.9060       0
28  GBPJPY 2023-12-12 19:02:00  182.9055  182.9075  0.0  0.0   0.011  0.051583  182.9055       0
29  GBPJPY 2023-12-12 19:03:00  182.9045  182.9055  0.0  0.0   0.011  0.047444  182.9045       0, GBPJPY
2023-12-12 21:04:06 Processed Candles:
      PAIR                time     mid_c     mid_o   SL   TP  SPREAD      GAIN      LOSS  SIGNAL
25  GBPJPY 2023-12-12 18:59:00  182.9340  182.9545  0.0  0.0   0.012  0.030500  182.9340       0
26  GBPJPY 2023-12-12 19:00:00  182.9140  182.9345  0.0  0.0   0.010  0.050708  182.9140       0
27  GBPJPY 2023-12-12 19:01:00  182.9060  182.9135  0.0  0.0   0.012  0.055167  182.9060       0
28  GBPJPY 2023-12-12 19:02:00  182.9055  182.9075  0.0  0.0   0.011  0.051583  182.9055       0
29  GBPJPY 2023-12-12 19:03:00  182.9045  182.9055  0.0  0.0   0.011  0.047444  182.9045       0, GBPJPY
2023-12-12 21:04:06 Analyzing trade decision: max_candle_rows:-32 candle_time:2023-12-12 19:03:00 timeframe:M1, GBPUSD
2023-12-12 21:04:06 Analyzing trade decision: max_candle_rows:-32 candle_time:2023-12-12 19:03:00 timeframe:M1, GBPUSD
2023-12-12 21:04:07 Processed Candles:
      PAIR                time     mid_c     mid_o   SL   TP   SPREAD      GAIN      LOSS  SIGNAL
25  GBPUSD 2023-12-12 18:59:00  1.256220  1.256315  0.0  0.0  0.00002  0.000278  1.256220       0
26  GBPUSD 2023-12-12 19:00:00  1.256095  1.256225  0.0  0.0  0.00001  0.000372  1.256095       0
27  GBPUSD 2023-12-12 19:01:00  1.256045  1.256060  0.0  0.0  0.00001  0.000381  1.256045       0
28  GBPUSD 2023-12-12 19:02:00  1.256230  1.256050  0.0  0.0  0.00002  0.000169  1.256230       0
29  GBPUSD 2023-12-12 19:03:00  1.256315  1.256225  0.0  0.0  0.00003  0.000066  1.256315       0, GBPUSD
2023-12-12 21:04:07 Processed Candles:
      PAIR                time     mid_c     mid_o   SL   TP   SPREAD      GAIN      LOSS  SIGNAL
25  GBPUSD 2023-12-12 18:59:00  1.256220  1.256315  0.0  0.0  0.00002  0.000278  1.256220       0
26  GBPUSD 2023-12-12 19:00:00  1.256095  1.256225  0.0  0.0  0.00001  0.000372  1.256095       0
27  GBPUSD 2023-12-12 19:01:00  1.256045  1.256060  0.0  0.0  0.00001  0.000381  1.256045       0
28  GBPUSD 2023-12-12 19:02:00  1.256230  1.256050  0.0  0.0  0.00002  0.000169  1.256230       0
29  GBPUSD 2023-12-12 19:03:00  1.256315  1.256225  0.0  0.0  0.00003  0.000066  1.256315       0, GBPUSD
2023-12-12 21:04:18 Processing triggered pairs: ['GBPCHF']
2023-12-12 21:04:18 Processing triggered pairs: ['GBPCHF']
2023-12-12 21:04:18 Analyzing trade decision: max_candle_rows:-32 candle_time:2023-12-12 19:03:00 timeframe:M1, GBPCHF
2023-12-12 21:04:18 Analyzing trade decision: max_candle_rows:-32 candle_time:2023-12-12 19:03:00 timeframe:M1, GBPCHF
2023-12-12 21:04:19 Processed Candles:
      PAIR                time     mid_c     mid_o   SL   TP   SPREAD      GAIN      LOSS  SIGNAL
25  GBPCHF 2023-12-12 18:59:00  1.100210  1.100230  0.0  0.0  0.00006  0.000115  1.100210       0
26  GBPCHF 2023-12-12 19:00:00  1.100155  1.100215  0.0  0.0  0.00009  0.000153  1.100155       0
27  GBPCHF 2023-12-12 19:01:00  1.100175  1.100155  0.0  0.0  0.00009  0.000104  1.100175       0
28  GBPCHF 2023-12-12 19:02:00  1.100140  1.100185  0.0  0.0  0.00008  0.000116  1.100140       0
29  GBPCHF 2023-12-12 19:03:00  1.100195  1.100125  0.0  0.0  0.00007  0.000043  1.100195       0, GBPCHF
2023-12-12 21:04:19 Processed Candles:
      PAIR                time     mid_c     mid_o   SL   TP   SPREAD      GAIN      LOSS  SIGNAL
25  GBPCHF 2023-12-12 18:59:00  1.100210  1.100230  0.0  0.0  0.00006  0.000115  1.100210       0
26  GBPCHF 2023-12-12 19:00:00  1.100155  1.100215  0.0  0.0  0.00009  0.000153  1.100155       0
27  GBPCHF 2023-12-12 19:01:00  1.100175  1.100155  0.0  0.0  0.00009  0.000104  1.100175       0
28  GBPCHF 2023-12-12 19:02:00  1.100140  1.100185  0.0  0.0  0.00008  0.000116  1.100140       0
29  GBPCHF 2023-12-12 19:03:00  1.100195  1.100125  0.0  0.0  0.00007  0.000043  1.100195       0, GBPCHF
2023-12-12 21:05:06 Processing triggered pairs: ['EURCHF', 'EURGBP', 'GBPCHF', 'GBPJPY', 'GBPUSD']
2023-12-12 21:05:06 Processing triggered pairs: ['EURCHF', 'EURGBP', 'GBPCHF', 'GBPJPY', 'GBPUSD']
2023-12-12 21:05:06 Analyzing trade decision: max_candle_rows:-33 candle_time:2023-12-12 19:04:00 timeframe:M1, EURCHF
2023-12-12 21:05:06 Analyzing trade decision: max_candle_rows:-33 candle_time:2023-12-12 19:04:00 timeframe:M1, EURCHF
2023-12-12 21:05:06 Processed Candles:
      PAIR                time     mid_c     mid_o   SL   TP   SPREAD      GAIN      LOSS  SIGNAL
26  EURCHF 2023-12-12 19:00:00  0.945195  0.945255  0.0  0.0  0.00003  0.000022  0.945195       0
27  EURCHF 2023-12-12 19:01:00  0.945270  0.945190  0.0  0.0  0.00006  0.000092  0.945270       0
28  EURCHF 2023-12-12 19:02:00  0.945160  0.945270  0.0  0.0  0.00006  0.000019  0.945160       0
29  EURCHF 2023-12-12 19:03:00  0.945095  0.945155  0.0  0.0  0.00005  0.000077  0.945095       0
30  EURCHF 2023-12-12 19:04:00  0.945060  0.945100  0.0  0.0  0.00006  0.000104  0.945060       0, EURCHF
2023-12-12 21:05:06 Processed Candles:
      PAIR                time     mid_c     mid_o   SL   TP   SPREAD      GAIN      LOSS  SIGNAL
26  EURCHF 2023-12-12 19:00:00  0.945195  0.945255  0.0  0.0  0.00003  0.000022  0.945195       0
27  EURCHF 2023-12-12 19:01:00  0.945270  0.945190  0.0  0.0  0.00006  0.000092  0.945270       0
28  EURCHF 2023-12-12 19:02:00  0.945160  0.945270  0.0  0.0  0.00006  0.000019  0.945160       0
29  EURCHF 2023-12-12 19:03:00  0.945095  0.945155  0.0  0.0  0.00005  0.000077  0.945095       0
30  EURCHF 2023-12-12 19:04:00  0.945060  0.945100  0.0  0.0  0.00006  0.000104  0.945060       0, EURCHF
2023-12-12 21:05:06 Analyzing trade decision: max_candle_rows:-32 candle_time:2023-12-12 19:04:00 timeframe:M1, EURGBP
2023-12-12 21:05:06 Analyzing trade decision: max_candle_rows:-32 candle_time:2023-12-12 19:04:00 timeframe:M1, EURGBP
2023-12-12 21:05:07 Processed Candles:
      PAIR                time     mid_c     mid_o   SL   TP   SPREAD      GAIN      LOSS  SIGNAL
25  EURGBP 2023-12-12 19:00:00  0.859160  0.859140  0.0  0.0  0.00004  0.000157  0.859160       0
26  EURGBP 2023-12-12 19:01:00  0.859195  0.859170  0.0  0.0  0.00001  0.000167  0.859195       0
27  EURGBP 2023-12-12 19:02:00  0.859115  0.859190  0.0  0.0  0.00003  0.000069  0.859115       0
28  EURGBP 2023-12-12 19:03:00  0.859045  0.859110  0.0  0.0  0.00003  0.000010  0.859045       0
29  EURGBP 2023-12-12 19:04:00  0.859035  0.859045  0.0  0.0  0.00003  0.000025  0.859035       0, EURGBP
2023-12-12 21:05:07 Processed Candles:
      PAIR                time     mid_c     mid_o   SL   TP   SPREAD      GAIN      LOSS  SIGNAL
25  EURGBP 2023-12-12 19:00:00  0.859160  0.859140  0.0  0.0  0.00004  0.000157  0.859160       0
26  EURGBP 2023-12-12 19:01:00  0.859195  0.859170  0.0  0.0  0.00001  0.000167  0.859195       0
27  EURGBP 2023-12-12 19:02:00  0.859115  0.859190  0.0  0.0  0.00003  0.000069  0.859115       0
28  EURGBP 2023-12-12 19:03:00  0.859045  0.859110  0.0  0.0  0.00003  0.000010  0.859045       0
29  EURGBP 2023-12-12 19:04:00  0.859035  0.859045  0.0  0.0  0.00003  0.000025  0.859035       0, EURGBP
2023-12-12 21:05:07 Analyzing trade decision: max_candle_rows:-32 candle_time:2023-12-12 19:04:00 timeframe:M1, GBPCHF
2023-12-12 21:05:07 Analyzing trade decision: max_candle_rows:-32 candle_time:2023-12-12 19:04:00 timeframe:M1, GBPCHF
2023-12-12 21:05:08 Processed Candles:
      PAIR                time     mid_c     mid_o   SL   TP   SPREAD      GAIN      LOSS  SIGNAL
25  GBPCHF 2023-12-12 19:00:00  1.100155  1.100215  0.0  0.0  0.00009  0.000153  1.100155       0
26  GBPCHF 2023-12-12 19:01:00  1.100175  1.100155  0.0  0.0  0.00009  0.000104  1.100175       0
27  GBPCHF 2023-12-12 19:02:00  1.100140  1.100185  0.0  0.0  0.00008  0.000116  1.100140       0
28  GBPCHF 2023-12-12 19:03:00  1.100195  1.100125  0.0  0.0  0.00007  0.000043  1.100195       0
29  GBPCHF 2023-12-12 19:04:00  1.100155  1.100150  0.0  0.0  0.00009  0.000067  1.100155       0, GBPCHF
2023-12-12 21:05:08 Processed Candles:
      PAIR                time     mid_c     mid_o   SL   TP   SPREAD      GAIN      LOSS  SIGNAL
25  GBPCHF 2023-12-12 19:00:00  1.100155  1.100215  0.0  0.0  0.00009  0.000153  1.100155       0
26  GBPCHF 2023-12-12 19:01:00  1.100175  1.100155  0.0  0.0  0.00009  0.000104  1.100175       0
27  GBPCHF 2023-12-12 19:02:00  1.100140  1.100185  0.0  0.0  0.00008  0.000116  1.100140       0
28  GBPCHF 2023-12-12 19:03:00  1.100195  1.100125  0.0  0.0  0.00007  0.000043  1.100195       0
29  GBPCHF 2023-12-12 19:04:00  1.100155  1.100150  0.0  0.0  0.00009  0.000067  1.100155       0, GBPCHF
2023-12-12 21:05:08 Analyzing trade decision: max_candle_rows:-32 candle_time:2023-12-12 19:04:00 timeframe:M1, GBPJPY
2023-12-12 21:05:08 Analyzing trade decision: max_candle_rows:-32 candle_time:2023-12-12 19:04:00 timeframe:M1, GBPJPY
2023-12-12 21:05:10 Processed Candles:
      PAIR                time     mid_c     mid_o   SL   TP  SPREAD      GAIN      LOSS  SIGNAL
25  GBPJPY 2023-12-12 19:00:00  182.9140  182.9345  0.0  0.0   0.010  0.050708  182.9140       0
26  GBPJPY 2023-12-12 19:01:00  182.9060  182.9135  0.0  0.0   0.012  0.055167  182.9060       0
27  GBPJPY 2023-12-12 19:02:00  182.9055  182.9075  0.0  0.0   0.011  0.051583  182.9055       0
28  GBPJPY 2023-12-12 19:03:00  182.9045  182.9055  0.0  0.0   0.011  0.047444  182.9045       0
29  GBPJPY 2023-12-12 19:04:00  182.9065  182.9050  0.0  0.0   0.009  0.039569  182.9065       0, GBPJPY
2023-12-12 21:05:10 Processed Candles:
      PAIR                time     mid_c     mid_o   SL   TP  SPREAD      GAIN      LOSS  SIGNAL
25  GBPJPY 2023-12-12 19:00:00  182.9140  182.9345  0.0  0.0   0.010  0.050708  182.9140       0
26  GBPJPY 2023-12-12 19:01:00  182.9060  182.9135  0.0  0.0   0.012  0.055167  182.9060       0
27  GBPJPY 2023-12-12 19:02:00  182.9055  182.9075  0.0  0.0   0.011  0.051583  182.9055       0
28  GBPJPY 2023-12-12 19:03:00  182.9045  182.9055  0.0  0.0   0.011  0.047444  182.9045       0
29  GBPJPY 2023-12-12 19:04:00  182.9065  182.9050  0.0  0.0   0.009  0.039569  182.9065       0, GBPJPY
2023-12-12 21:05:10 Analyzing trade decision: max_candle_rows:-32 candle_time:2023-12-12 19:04:00 timeframe:M1, GBPUSD
2023-12-12 21:05:10 Analyzing trade decision: max_candle_rows:-32 candle_time:2023-12-12 19:04:00 timeframe:M1, GBPUSD
2023-12-12 21:05:10 Processed Candles:
      PAIR                time     mid_c     mid_o   SL   TP   SPREAD      GAIN      LOSS  SIGNAL
25  GBPUSD 2023-12-12 19:00:00  1.256095  1.256225  0.0  0.0  0.00001  0.000372  1.256095       0
26  GBPUSD 2023-12-12 19:01:00  1.256045  1.256060  0.0  0.0  0.00001  0.000381  1.256045       0
27  GBPUSD 2023-12-12 19:02:00  1.256230  1.256050  0.0  0.0  0.00002  0.000169  1.256230       0
28  GBPUSD 2023-12-12 19:03:00  1.256315  1.256225  0.0  0.0  0.00003  0.000066  1.256315       0
29  GBPUSD 2023-12-12 19:04:00  1.256325  1.256330  0.0  0.0  0.00003  0.000035  1.256325       0, GBPUSD
2023-12-12 21:05:10 Processed Candles:
      PAIR                time     mid_c     mid_o   SL   TP   SPREAD      GAIN      LOSS  SIGNAL
25  GBPUSD 2023-12-12 19:00:00  1.256095  1.256225  0.0  0.0  0.00001  0.000372  1.256095       0
26  GBPUSD 2023-12-12 19:01:00  1.256045  1.256060  0.0  0.0  0.00001  0.000381  1.256045       0
27  GBPUSD 2023-12-12 19:02:00  1.256230  1.256050  0.0  0.0  0.00002  0.000169  1.256230       0
28  GBPUSD 2023-12-12 19:03:00  1.256315  1.256225  0.0  0.0  0.00003  0.000066  1.256315       0
29  GBPUSD 2023-12-12 19:04:00  1.256325  1.256330  0.0  0.0  0.00003  0.000035  1.256325       0, GBPUSD
2023-12-12 21:06:08 Processing triggered pairs: ['EURCHF', 'EURGBP', 'GBPCHF', 'GBPJPY', 'GBPUSD']
2023-12-12 21:06:08 Processing triggered pairs: ['EURCHF', 'EURGBP', 'GBPCHF', 'GBPJPY', 'GBPUSD']
2023-12-12 21:06:08 Analyzing trade decision: max_candle_rows:-33 candle_time:2023-12-12 19:05:00 timeframe:M1, EURCHF
2023-12-12 21:06:08 Analyzing trade decision: max_candle_rows:-33 candle_time:2023-12-12 19:05:00 timeframe:M1, EURCHF
2023-12-12 21:06:09 Processed Candles:
      PAIR                time     mid_c     mid_o   SL   TP   SPREAD      GAIN      LOSS  SIGNAL
26  EURCHF 2023-12-12 19:01:00  0.945270  0.945190  0.0  0.0  0.00006  0.000092  0.945270       0
27  EURCHF 2023-12-12 19:02:00  0.945160  0.945270  0.0  0.0  0.00006  0.000019  0.945160       0
28  EURCHF 2023-12-12 19:03:00  0.945095  0.945155  0.0  0.0  0.00005  0.000077  0.945095       0
29  EURCHF 2023-12-12 19:04:00  0.945060  0.945100  0.0  0.0  0.00006  0.000104  0.945060       0
30  EURCHF 2023-12-12 19:05:00  0.945050  0.945065  0.0  0.0  0.00006  0.000104  0.945050       0, EURCHF
2023-12-12 21:06:09 Processed Candles:
      PAIR                time     mid_c     mid_o   SL   TP   SPREAD      GAIN      LOSS  SIGNAL
26  EURCHF 2023-12-12 19:01:00  0.945270  0.945190  0.0  0.0  0.00006  0.000092  0.945270       0
27  EURCHF 2023-12-12 19:02:00  0.945160  0.945270  0.0  0.0  0.00006  0.000019  0.945160       0
28  EURCHF 2023-12-12 19:03:00  0.945095  0.945155  0.0  0.0  0.00005  0.000077  0.945095       0
29  EURCHF 2023-12-12 19:04:00  0.945060  0.945100  0.0  0.0  0.00006  0.000104  0.945060       0
30  EURCHF 2023-12-12 19:05:00  0.945050  0.945065  0.0  0.0  0.00006  0.000104  0.945050       0, EURCHF
2023-12-12 21:06:09 Analyzing trade decision: max_candle_rows:-32 candle_time:2023-12-12 19:05:00 timeframe:M1, EURGBP
2023-12-12 21:06:09 Analyzing trade decision: max_candle_rows:-32 candle_time:2023-12-12 19:05:00 timeframe:M1, EURGBP
2023-12-12 21:06:10 Processed Candles:
      PAIR                time     mid_c     mid_o   SL   TP   SPREAD      GAIN      LOSS  SIGNAL
25  EURGBP 2023-12-12 19:01:00  0.859195  0.859170  0.0  0.0  0.00001  0.000167  0.859195       0
26  EURGBP 2023-12-12 19:02:00  0.859115  0.859190  0.0  0.0  0.00003  0.000069  0.859115       0
27  EURGBP 2023-12-12 19:03:00  0.859045  0.859110  0.0  0.0  0.00003  0.000010  0.859045       0
28  EURGBP 2023-12-12 19:04:00  0.859035  0.859045  0.0  0.0  0.00003  0.000025  0.859035       0
29  EURGBP 2023-12-12 19:05:00  0.859020  0.859040  0.0  0.0  0.00002  0.000047  0.859020       0, EURGBP
2023-12-12 21:06:10 Processed Candles:
      PAIR                time     mid_c     mid_o   SL   TP   SPREAD      GAIN      LOSS  SIGNAL
25  EURGBP 2023-12-12 19:01:00  0.859195  0.859170  0.0  0.0  0.00001  0.000167  0.859195       0
26  EURGBP 2023-12-12 19:02:00  0.859115  0.859190  0.0  0.0  0.00003  0.000069  0.859115       0
27  EURGBP 2023-12-12 19:03:00  0.859045  0.859110  0.0  0.0  0.00003  0.000010  0.859045       0
28  EURGBP 2023-12-12 19:04:00  0.859035  0.859045  0.0  0.0  0.00003  0.000025  0.859035       0
29  EURGBP 2023-12-12 19:05:00  0.859020  0.859040  0.0  0.0  0.00002  0.000047  0.859020       0, EURGBP
2023-12-12 21:06:10 Analyzing trade decision: max_candle_rows:-32 candle_time:2023-12-12 19:05:00 timeframe:M1, GBPCHF
2023-12-12 21:06:10 Analyzing trade decision: max_candle_rows:-32 candle_time:2023-12-12 19:05:00 timeframe:M1, GBPCHF
2023-12-12 21:06:11 Processed Candles:
      PAIR                time     mid_c     mid_o   SL   TP   SPREAD      GAIN      LOSS  SIGNAL
25  GBPCHF 2023-12-12 19:01:00  1.100175  1.100155  0.0  0.0  0.00009  0.000104  1.100175       0
26  GBPCHF 2023-12-12 19:02:00  1.100140  1.100185  0.0  0.0  0.00008  0.000116  1.100140       0
27  GBPCHF 2023-12-12 19:03:00  1.100195  1.100125  0.0  0.0  0.00007  0.000043  1.100195       0
28  GBPCHF 2023-12-12 19:04:00  1.100155  1.100150  0.0  0.0  0.00009  0.000067  1.100155       0
29  GBPCHF 2023-12-12 19:05:00  1.100170  1.100155  0.0  0.0  0.00008  0.000033  1.100170       0, GBPCHF
2023-12-12 21:06:11 Processed Candles:
      PAIR                time     mid_c     mid_o   SL   TP   SPREAD      GAIN      LOSS  SIGNAL
25  GBPCHF 2023-12-12 19:01:00  1.100175  1.100155  0.0  0.0  0.00009  0.000104  1.100175       0
26  GBPCHF 2023-12-12 19:02:00  1.100140  1.100185  0.0  0.0  0.00008  0.000116  1.100140       0
27  GBPCHF 2023-12-12 19:03:00  1.100195  1.100125  0.0  0.0  0.00007  0.000043  1.100195       0
28  GBPCHF 2023-12-12 19:04:00  1.100155  1.100150  0.0  0.0  0.00009  0.000067  1.100155       0
29  GBPCHF 2023-12-12 19:05:00  1.100170  1.100155  0.0  0.0  0.00008  0.000033  1.100170       0, GBPCHF
2023-12-12 21:06:11 Analyzing trade decision: max_candle_rows:-32 candle_time:2023-12-12 19:05:00 timeframe:M1, GBPJPY
2023-12-12 21:06:11 Analyzing trade decision: max_candle_rows:-32 candle_time:2023-12-12 19:05:00 timeframe:M1, GBPJPY
2023-12-12 21:06:12 Processed Candles:
      PAIR                time     mid_c     mid_o   SL   TP  SPREAD      GAIN      LOSS  SIGNAL
25  GBPJPY 2023-12-12 19:01:00  182.9060  182.9135  0.0  0.0   0.012  0.055167  182.9060       0
26  GBPJPY 2023-12-12 19:02:00  182.9055  182.9075  0.0  0.0   0.011  0.051583  182.9055       0
27  GBPJPY 2023-12-12 19:03:00  182.9045  182.9055  0.0  0.0   0.011  0.047444  182.9045       0
28  GBPJPY 2023-12-12 19:04:00  182.9065  182.9050  0.0  0.0   0.009  0.039569  182.9065       0
29  GBPJPY 2023-12-12 19:05:00  182.9200  182.9050  0.0  0.0   0.006  0.020014  182.9200       0, GBPJPY
2023-12-12 21:06:12 Processed Candles:
      PAIR                time     mid_c     mid_o   SL   TP  SPREAD      GAIN      LOSS  SIGNAL
25  GBPJPY 2023-12-12 19:01:00  182.9060  182.9135  0.0  0.0   0.012  0.055167  182.9060       0
26  GBPJPY 2023-12-12 19:02:00  182.9055  182.9075  0.0  0.0   0.011  0.051583  182.9055       0
27  GBPJPY 2023-12-12 19:03:00  182.9045  182.9055  0.0  0.0   0.011  0.047444  182.9045       0
28  GBPJPY 2023-12-12 19:04:00  182.9065  182.9050  0.0  0.0   0.009  0.039569  182.9065       0
29  GBPJPY 2023-12-12 19:05:00  182.9200  182.9050  0.0  0.0   0.006  0.020014  182.9200       0, GBPJPY
2023-12-12 21:06:12 Analyzing trade decision: max_candle_rows:-32 candle_time:2023-12-12 19:05:00 timeframe:M1, GBPUSD
2023-12-12 21:06:12 Analyzing trade decision: max_candle_rows:-32 candle_time:2023-12-12 19:05:00 timeframe:M1, GBPUSD
2023-12-12 21:06:13 Processed Candles:
      PAIR                time     mid_c     mid_o   SL   TP   SPREAD      GAIN      LOSS  SIGNAL
25  GBPUSD 2023-12-12 19:01:00  1.256045  1.256060  0.0  0.0  0.00001  0.000381  1.256045       0
26  GBPUSD 2023-12-12 19:02:00  1.256230  1.256050  0.0  0.0  0.00002  0.000169  1.256230       0
27  GBPUSD 2023-12-12 19:03:00  1.256315  1.256225  0.0  0.0  0.00003  0.000066  1.256315       0
28  GBPUSD 2023-12-12 19:04:00  1.256325  1.256330  0.0  0.0  0.00003  0.000035  1.256325       0
29  GBPUSD 2023-12-12 19:05:00  1.256260  1.256330  0.0  0.0  0.00002  0.000072  1.256260       0, GBPUSD
2023-12-12 21:06:13 Processed Candles:
      PAIR                time     mid_c     mid_o   SL   TP   SPREAD      GAIN      LOSS  SIGNAL
25  GBPUSD 2023-12-12 19:01:00  1.256045  1.256060  0.0  0.0  0.00001  0.000381  1.256045       0
26  GBPUSD 2023-12-12 19:02:00  1.256230  1.256050  0.0  0.0  0.00002  0.000169  1.256230       0
27  GBPUSD 2023-12-12 19:03:00  1.256315  1.256225  0.0  0.0  0.00003  0.000066  1.256315       0
28  GBPUSD 2023-12-12 19:04:00  1.256325  1.256330  0.0  0.0  0.00003  0.000035  1.256325       0
29  GBPUSD 2023-12-12 19:05:00  1.256260  1.256330  0.0  0.0  0.00002  0.000072  1.256260       0, GBPUSD
2023-12-12 21:07:11 Processing triggered pairs: ['EURCHF', 'EURGBP', 'GBPCHF', 'GBPJPY', 'GBPUSD']
2023-12-12 21:07:11 Processing triggered pairs: ['EURCHF', 'EURGBP', 'GBPCHF', 'GBPJPY', 'GBPUSD']
2023-12-12 21:07:11 Analyzing trade decision: max_candle_rows:-33 candle_time:2023-12-12 19:06:00 timeframe:M1, EURCHF
2023-12-12 21:07:11 Analyzing trade decision: max_candle_rows:-33 candle_time:2023-12-12 19:06:00 timeframe:M1, EURCHF
2023-12-12 21:07:11 Processed Candles:
      PAIR                time     mid_c     mid_o   SL   TP   SPREAD      GAIN      LOSS  SIGNAL
26  EURCHF 2023-12-12 19:02:00  0.945160  0.945270  0.0  0.0  0.00006  0.000019  0.945160       0
27  EURCHF 2023-12-12 19:03:00  0.945095  0.945155  0.0  0.0  0.00005  0.000077  0.945095       0
28  EURCHF 2023-12-12 19:04:00  0.945060  0.945100  0.0  0.0  0.00006  0.000104  0.945060       0
29  EURCHF 2023-12-12 19:05:00  0.945050  0.945065  0.0  0.0  0.00006  0.000104  0.945050       0
30  EURCHF 2023-12-12 19:06:00  0.945045  0.945055  0.0  0.0  0.00007  0.000100  0.945045       0, EURCHF
2023-12-12 21:07:11 Processed Candles:
      PAIR                time     mid_c     mid_o   SL   TP   SPREAD      GAIN      LOSS  SIGNAL
26  EURCHF 2023-12-12 19:02:00  0.945160  0.945270  0.0  0.0  0.00006  0.000019  0.945160       0
27  EURCHF 2023-12-12 19:03:00  0.945095  0.945155  0.0  0.0  0.00005  0.000077  0.945095       0
28  EURCHF 2023-12-12 19:04:00  0.945060  0.945100  0.0  0.0  0.00006  0.000104  0.945060       0
29  EURCHF 2023-12-12 19:05:00  0.945050  0.945065  0.0  0.0  0.00006  0.000104  0.945050       0
30  EURCHF 2023-12-12 19:06:00  0.945045  0.945055  0.0  0.0  0.00007  0.000100  0.945045       0, EURCHF
2023-12-12 21:07:11 Analyzing trade decision: max_candle_rows:-32 candle_time:2023-12-12 19:06:00 timeframe:M1, EURGBP
2023-12-12 21:07:11 Analyzing trade decision: max_candle_rows:-32 candle_time:2023-12-12 19:06:00 timeframe:M1, EURGBP
2023-12-12 21:07:12 Processed Candles:
      PAIR                time     mid_c     mid_o   SL   TP   SPREAD      GAIN      LOSS  SIGNAL
25  EURGBP 2023-12-12 19:02:00  0.859115  0.859190  0.0  0.0  0.00003  0.000069  0.859115       0
26  EURGBP 2023-12-12 19:03:00  0.859045  0.859110  0.0  0.0  0.00003  0.000010  0.859045       0
27  EURGBP 2023-12-12 19:04:00  0.859035  0.859045  0.0  0.0  0.00003  0.000025  0.859035       0
28  EURGBP 2023-12-12 19:05:00  0.859020  0.859040  0.0  0.0  0.00002  0.000047  0.859020       0
29  EURGBP 2023-12-12 19:06:00  0.859020  0.859015  0.0  0.0  0.00002  0.000049  0.859020       0, EURGBP
2023-12-12 21:07:12 Processed Candles:
      PAIR                time     mid_c     mid_o   SL   TP   SPREAD      GAIN      LOSS  SIGNAL
25  EURGBP 2023-12-12 19:02:00  0.859115  0.859190  0.0  0.0  0.00003  0.000069  0.859115       0
26  EURGBP 2023-12-12 19:03:00  0.859045  0.859110  0.0  0.0  0.00003  0.000010  0.859045       0
27  EURGBP 2023-12-12 19:04:00  0.859035  0.859045  0.0  0.0  0.00003  0.000025  0.859035       0
28  EURGBP 2023-12-12 19:05:00  0.859020  0.859040  0.0  0.0  0.00002  0.000047  0.859020       0
29  EURGBP 2023-12-12 19:06:00  0.859020  0.859015  0.0  0.0  0.00002  0.000049  0.859020       0, EURGBP
2023-12-12 21:07:12 Analyzing trade decision: max_candle_rows:-32 candle_time:2023-12-12 19:06:00 timeframe:M1, GBPCHF
2023-12-12 21:07:12 Analyzing trade decision: max_candle_rows:-32 candle_time:2023-12-12 19:06:00 timeframe:M1, GBPCHF
2023-12-12 21:07:13 Processed Candles:
      PAIR                time     mid_c     mid_o   SL   TP   SPREAD      GAIN      LOSS  SIGNAL
25  GBPCHF 2023-12-12 19:02:00  1.100140  1.100185  0.0  0.0  0.00008  0.000116  1.100140       0
26  GBPCHF 2023-12-12 19:03:00  1.100195  1.100125  0.0  0.0  0.00007  0.000043  1.100195       0
27  GBPCHF 2023-12-12 19:04:00  1.100155  1.100150  0.0  0.0  0.00009  0.000067  1.100155       0
28  GBPCHF 2023-12-12 19:05:00  1.100170  1.100155  0.0  0.0  0.00008  0.000033  1.100170       0
29  GBPCHF 2023-12-12 19:06:00  1.100145  1.100180  0.0  0.0  0.00009  0.000047  1.100145       0, GBPCHF
2023-12-12 21:07:13 Processed Candles:
      PAIR                time     mid_c     mid_o   SL   TP   SPREAD      GAIN      LOSS  SIGNAL
25  GBPCHF 2023-12-12 19:02:00  1.100140  1.100185  0.0  0.0  0.00008  0.000116  1.100140       0
26  GBPCHF 2023-12-12 19:03:00  1.100195  1.100125  0.0  0.0  0.00007  0.000043  1.100195       0
27  GBPCHF 2023-12-12 19:04:00  1.100155  1.100150  0.0  0.0  0.00009  0.000067  1.100155       0
28  GBPCHF 2023-12-12 19:05:00  1.100170  1.100155  0.0  0.0  0.00008  0.000033  1.100170       0
29  GBPCHF 2023-12-12 19:06:00  1.100145  1.100180  0.0  0.0  0.00009  0.000047  1.100145       0, GBPCHF
2023-12-12 21:07:13 Analyzing trade decision: max_candle_rows:-32 candle_time:2023-12-12 19:06:00 timeframe:M1, GBPJPY
2023-12-12 21:07:13 Analyzing trade decision: max_candle_rows:-32 candle_time:2023-12-12 19:06:00 timeframe:M1, GBPJPY
2023-12-12 21:07:14 Processed Candles:
      PAIR                time     mid_c     mid_o   SL   TP  SPREAD      GAIN      LOSS  SIGNAL
25  GBPJPY 2023-12-12 19:02:00  182.9055  182.9075  0.0  0.0   0.011  0.051583  182.9055       0
26  GBPJPY 2023-12-12 19:03:00  182.9045  182.9055  0.0  0.0   0.011  0.047444  182.9045       0
27  GBPJPY 2023-12-12 19:04:00  182.9065  182.9050  0.0  0.0   0.009  0.039569  182.9065       0
28  GBPJPY 2023-12-12 19:05:00  182.9200  182.9050  0.0  0.0   0.006  0.020014  182.9200       0
29  GBPJPY 2023-12-12 19:06:00  182.9385  182.9190  0.0  0.0   0.007  0.003444  182.9385       0, GBPJPY
2023-12-12 21:07:14 Processed Candles:
      PAIR                time     mid_c     mid_o   SL   TP  SPREAD      GAIN      LOSS  SIGNAL
25  GBPJPY 2023-12-12 19:02:00  182.9055  182.9075  0.0  0.0   0.011  0.051583  182.9055       0
26  GBPJPY 2023-12-12 19:03:00  182.9045  182.9055  0.0  0.0   0.011  0.047444  182.9045       0
27  GBPJPY 2023-12-12 19:04:00  182.9065  182.9050  0.0  0.0   0.009  0.039569  182.9065       0
28  GBPJPY 2023-12-12 19:05:00  182.9200  182.9050  0.0  0.0   0.006  0.020014  182.9200       0
29  GBPJPY 2023-12-12 19:06:00  182.9385  182.9190  0.0  0.0   0.007  0.003444  182.9385       0, GBPJPY
2023-12-12 21:07:14 Analyzing trade decision: max_candle_rows:-32 candle_time:2023-12-12 19:06:00 timeframe:M1, GBPUSD
2023-12-12 21:07:14 Analyzing trade decision: max_candle_rows:-32 candle_time:2023-12-12 19:06:00 timeframe:M1, GBPUSD
2023-12-12 21:07:14 Processed Candles:
      PAIR                time     mid_c     mid_o   SL   TP   SPREAD      GAIN      LOSS  SIGNAL
25  GBPUSD 2023-12-12 19:02:00  1.256230  1.256050  0.0  0.0  0.00002  0.000169  1.256230       0
26  GBPUSD 2023-12-12 19:03:00  1.256315  1.256225  0.0  0.0  0.00003  0.000066  1.256315       0
27  GBPUSD 2023-12-12 19:04:00  1.256325  1.256330  0.0  0.0  0.00003  0.000035  1.256325       0
28  GBPUSD 2023-12-12 19:05:00  1.256260  1.256330  0.0  0.0  0.00002  0.000072  1.256260       0
29  GBPUSD 2023-12-12 19:06:00  1.256420  1.256265  0.0  0.0  0.00004  0.000102  1.256420       0, GBPUSD
2023-12-12 21:07:14 Processed Candles:
      PAIR                time     mid_c     mid_o   SL   TP   SPREAD      GAIN      LOSS  SIGNAL
25  GBPUSD 2023-12-12 19:02:00  1.256230  1.256050  0.0  0.0  0.00002  0.000169  1.256230       0
26  GBPUSD 2023-12-12 19:03:00  1.256315  1.256225  0.0  0.0  0.00003  0.000066  1.256315       0
27  GBPUSD 2023-12-12 19:04:00  1.256325  1.256330  0.0  0.0  0.00003  0.000035  1.256325       0
28  GBPUSD 2023-12-12 19:05:00  1.256260  1.256330  0.0  0.0  0.00002  0.000072  1.256260       0
29  GBPUSD 2023-12-12 19:06:00  1.256420  1.256265  0.0  0.0  0.00004  0.000102  1.256420       0, GBPUSD
2023-12-12 21:08:01 Processing triggered pairs: ['GBPUSD']
2023-12-12 21:08:01 Processing triggered pairs: ['GBPUSD']
2023-12-12 21:08:01 Analyzing trade decision: max_candle_rows:-32 candle_time:2023-12-12 19:07:00 timeframe:M1, GBPUSD
2023-12-12 21:08:01 Analyzing trade decision: max_candle_rows:-32 candle_time:2023-12-12 19:07:00 timeframe:M1, GBPUSD
2023-12-12 21:08:01 Processed Candles:
      PAIR                time     mid_c     mid_o   SL   TP   SPREAD      GAIN      LOSS  SIGNAL
25  GBPUSD 2023-12-12 19:03:00  1.256315  1.256225  0.0  0.0  0.00003  0.000066  1.256315       0
26  GBPUSD 2023-12-12 19:04:00  1.256325  1.256330  0.0  0.0  0.00003  0.000035  1.256325       0
27  GBPUSD 2023-12-12 19:05:00  1.256260  1.256330  0.0  0.0  0.00002  0.000072  1.256260       0
28  GBPUSD 2023-12-12 19:06:00  1.256420  1.256265  0.0  0.0  0.00004  0.000102  1.256420       0
29  GBPUSD 2023-12-12 19:07:00  1.256470  1.256410  0.0  0.0  0.00002  0.000155  1.256470       0, GBPUSD
2023-12-12 21:08:01 Processed Candles:
      PAIR                time     mid_c     mid_o   SL   TP   SPREAD      GAIN      LOSS  SIGNAL
25  GBPUSD 2023-12-12 19:03:00  1.256315  1.256225  0.0  0.0  0.00003  0.000066  1.256315       0
26  GBPUSD 2023-12-12 19:04:00  1.256325  1.256330  0.0  0.0  0.00003  0.000035  1.256325       0
27  GBPUSD 2023-12-12 19:05:00  1.256260  1.256330  0.0  0.0  0.00002  0.000072  1.256260       0
28  GBPUSD 2023-12-12 19:06:00  1.256420  1.256265  0.0  0.0  0.00004  0.000102  1.256420       0
29  GBPUSD 2023-12-12 19:07:00  1.256470  1.256410  0.0  0.0  0.00002  0.000155  1.256470       0, GBPUSD
2023-12-12 21:08:13 Processing triggered pairs: ['EURCHF', 'EURGBP', 'GBPCHF', 'GBPJPY']
2023-12-12 21:08:13 Processing triggered pairs: ['EURCHF', 'EURGBP', 'GBPCHF', 'GBPJPY']
2023-12-12 21:08:13 Analyzing trade decision: max_candle_rows:-33 candle_time:2023-12-12 19:07:00 timeframe:M1, EURCHF
2023-12-12 21:08:13 Analyzing trade decision: max_candle_rows:-33 candle_time:2023-12-12 19:07:00 timeframe:M1, EURCHF
2023-12-12 21:08:14 Processed Candles:
      PAIR                time     mid_c     mid_o   SL   TP   SPREAD      GAIN      LOSS  SIGNAL
26  EURCHF 2023-12-12 19:03:00  0.945095  0.945155  0.0  0.0  0.00005  0.000077  0.945095       0
27  EURCHF 2023-12-12 19:04:00  0.945060  0.945100  0.0  0.0  0.00006  0.000104  0.945060       0
28  EURCHF 2023-12-12 19:05:00  0.945050  0.945065  0.0  0.0  0.00006  0.000104  0.945050       0
29  EURCHF 2023-12-12 19:06:00  0.945045  0.945055  0.0  0.0  0.00007  0.000100  0.945045       0
30  EURCHF 2023-12-12 19:07:00  0.945060  0.945040  0.0  0.0  0.00006  0.000076  0.945060       0, EURCHF
2023-12-12 21:08:14 Processed Candles:
      PAIR                time     mid_c     mid_o   SL   TP   SPREAD      GAIN      LOSS  SIGNAL
26  EURCHF 2023-12-12 19:03:00  0.945095  0.945155  0.0  0.0  0.00005  0.000077  0.945095       0
27  EURCHF 2023-12-12 19:04:00  0.945060  0.945100  0.0  0.0  0.00006  0.000104  0.945060       0
28  EURCHF 2023-12-12 19:05:00  0.945050  0.945065  0.0  0.0  0.00006  0.000104  0.945050       0
29  EURCHF 2023-12-12 19:06:00  0.945045  0.945055  0.0  0.0  0.00007  0.000100  0.945045       0
30  EURCHF 2023-12-12 19:07:00  0.945060  0.945040  0.0  0.0  0.00006  0.000076  0.945060       0, EURCHF
2023-12-12 21:08:14 Analyzing trade decision: max_candle_rows:-32 candle_time:2023-12-12 19:07:00 timeframe:M1, EURGBP
2023-12-12 21:08:14 Analyzing trade decision: max_candle_rows:-32 candle_time:2023-12-12 19:07:00 timeframe:M1, EURGBP
2023-12-12 21:08:15 Processed Candles:
      PAIR                time     mid_c     mid_o   SL   TP   SPREAD      GAIN      LOSS  SIGNAL
25  EURGBP 2023-12-12 19:03:00  0.859045  0.859110  0.0  0.0  0.00003  0.000010  0.859045       0
26  EURGBP 2023-12-12 19:04:00  0.859035  0.859045  0.0  0.0  0.00003  0.000025  0.859035       0
27  EURGBP 2023-12-12 19:05:00  0.859020  0.859040  0.0  0.0  0.00002  0.000047  0.859020       0
28  EURGBP 2023-12-12 19:06:00  0.859020  0.859015  0.0  0.0  0.00002  0.000049  0.859020       0
29  EURGBP 2023-12-12 19:07:00  0.859035  0.859020  0.0  0.0  0.00003  0.000037  0.859035       0, EURGBP
2023-12-12 21:08:15 Processed Candles:
      PAIR                time     mid_c     mid_o   SL   TP   SPREAD      GAIN      LOSS  SIGNAL
25  EURGBP 2023-12-12 19:03:00  0.859045  0.859110  0.0  0.0  0.00003  0.000010  0.859045       0
26  EURGBP 2023-12-12 19:04:00  0.859035  0.859045  0.0  0.0  0.00003  0.000025  0.859035       0
27  EURGBP 2023-12-12 19:05:00  0.859020  0.859040  0.0  0.0  0.00002  0.000047  0.859020       0
28  EURGBP 2023-12-12 19:06:00  0.859020  0.859015  0.0  0.0  0.00002  0.000049  0.859020       0
29  EURGBP 2023-12-12 19:07:00  0.859035  0.859020  0.0  0.0  0.00003  0.000037  0.859035       0, EURGBP
2023-12-12 21:08:15 Analyzing trade decision: max_candle_rows:-32 candle_time:2023-12-12 19:07:00 timeframe:M1, GBPCHF
2023-12-12 21:08:15 Analyzing trade decision: max_candle_rows:-32 candle_time:2023-12-12 19:07:00 timeframe:M1, GBPCHF
2023-12-12 21:08:16 Processed Candles:
      PAIR                time     mid_c     mid_o   SL   TP   SPREAD      GAIN      LOSS  SIGNAL
25  GBPCHF 2023-12-12 19:03:00  1.100195  1.100125  0.0  0.0  0.00007  0.000043  1.100195       0
26  GBPCHF 2023-12-12 19:04:00  1.100155  1.100150  0.0  0.0  0.00009  0.000067  1.100155       0
27  GBPCHF 2023-12-12 19:05:00  1.100170  1.100155  0.0  0.0  0.00008  0.000033  1.100170       0
28  GBPCHF 2023-12-12 19:06:00  1.100145  1.100180  0.0  0.0  0.00009  0.000047  1.100145       0
29  GBPCHF 2023-12-12 19:07:00  1.100145  1.100140  0.0  0.0  0.00009  0.000038  1.100145       0, GBPCHF
2023-12-12 21:08:16 Processed Candles:
      PAIR                time     mid_c     mid_o   SL   TP   SPREAD      GAIN      LOSS  SIGNAL
25  GBPCHF 2023-12-12 19:03:00  1.100195  1.100125  0.0  0.0  0.00007  0.000043  1.100195       0
26  GBPCHF 2023-12-12 19:04:00  1.100155  1.100150  0.0  0.0  0.00009  0.000067  1.100155       0
27  GBPCHF 2023-12-12 19:05:00  1.100170  1.100155  0.0  0.0  0.00008  0.000033  1.100170       0
28  GBPCHF 2023-12-12 19:06:00  1.100145  1.100180  0.0  0.0  0.00009  0.000047  1.100145       0
29  GBPCHF 2023-12-12 19:07:00  1.100145  1.100140  0.0  0.0  0.00009  0.000038  1.100145       0, GBPCHF
2023-12-12 21:08:16 Analyzing trade decision: max_candle_rows:-32 candle_time:2023-12-12 19:07:00 timeframe:M1, GBPJPY
2023-12-12 21:08:16 Analyzing trade decision: max_candle_rows:-32 candle_time:2023-12-12 19:07:00 timeframe:M1, GBPJPY
2023-12-12 21:08:17 Processed Candles:
      PAIR                time     mid_c     mid_o   SL   TP  SPREAD      GAIN      LOSS  SIGNAL
25  GBPJPY 2023-12-12 19:03:00  182.9045  182.9055  0.0  0.0   0.011  0.047444  182.9045       0
26  GBPJPY 2023-12-12 19:04:00  182.9065  182.9050  0.0  0.0   0.009  0.039569  182.9065       0
27  GBPJPY 2023-12-12 19:05:00  182.9200  182.9050  0.0  0.0   0.006  0.020014  182.9200       0
28  GBPJPY 2023-12-12 19:06:00  182.9385  182.9190  0.0  0.0   0.007  0.003444  182.9385       0
29  GBPJPY 2023-12-12 19:07:00  182.9575  182.9390  0.0  0.0   0.011  0.024944  182.9575       0, GBPJPY
2023-12-12 21:08:17 Processed Candles:
      PAIR                time     mid_c     mid_o   SL   TP  SPREAD      GAIN      LOSS  SIGNAL
25  GBPJPY 2023-12-12 19:03:00  182.9045  182.9055  0.0  0.0   0.011  0.047444  182.9045       0
26  GBPJPY 2023-12-12 19:04:00  182.9065  182.9050  0.0  0.0   0.009  0.039569  182.9065       0
27  GBPJPY 2023-12-12 19:05:00  182.9200  182.9050  0.0  0.0   0.006  0.020014  182.9200       0
28  GBPJPY 2023-12-12 19:06:00  182.9385  182.9190  0.0  0.0   0.007  0.003444  182.9385       0
29  GBPJPY 2023-12-12 19:07:00  182.9575  182.9390  0.0  0.0   0.011  0.024944  182.9575       0, GBPJPY
2023-12-12 21:09:03 Processing triggered pairs: ['GBPCHF', 'GBPJPY', 'GBPUSD']
2023-12-12 21:09:03 Processing triggered pairs: ['GBPCHF', 'GBPJPY', 'GBPUSD']
2023-12-12 21:09:03 Analyzing trade decision: max_candle_rows:-32 candle_time:2023-12-12 19:08:00 timeframe:M1, GBPCHF
2023-12-12 21:09:03 Analyzing trade decision: max_candle_rows:-32 candle_time:2023-12-12 19:08:00 timeframe:M1, GBPCHF
2023-12-12 21:09:04 Processed Candles:
      PAIR                time     mid_c     mid_o   SL   TP   SPREAD      GAIN      LOSS  SIGNAL
25  GBPCHF 2023-12-12 19:04:00  1.100155  1.100150  0.0  0.0  0.00009  0.000067  1.100155       0
26  GBPCHF 2023-12-12 19:05:00  1.100170  1.100155  0.0  0.0  0.00008  0.000033  1.100170       0
27  GBPCHF 2023-12-12 19:06:00  1.100145  1.100180  0.0  0.0  0.00009  0.000047  1.100145       0
28  GBPCHF 2023-12-12 19:07:00  1.100145  1.100140  0.0  0.0  0.00009  0.000038  1.100145       0
29  GBPCHF 2023-12-12 19:08:00  1.100120  1.100140  0.0  0.0  0.00008  0.000056  1.100120       0, GBPCHF
2023-12-12 21:09:04 Processed Candles:
      PAIR                time     mid_c     mid_o   SL   TP   SPREAD      GAIN      LOSS  SIGNAL
25  GBPCHF 2023-12-12 19:04:00  1.100155  1.100150  0.0  0.0  0.00009  0.000067  1.100155       0
26  GBPCHF 2023-12-12 19:05:00  1.100170  1.100155  0.0  0.0  0.00008  0.000033  1.100170       0
27  GBPCHF 2023-12-12 19:06:00  1.100145  1.100180  0.0  0.0  0.00009  0.000047  1.100145       0
28  GBPCHF 2023-12-12 19:07:00  1.100145  1.100140  0.0  0.0  0.00009  0.000038  1.100145       0
29  GBPCHF 2023-12-12 19:08:00  1.100120  1.100140  0.0  0.0  0.00008  0.000056  1.100120       0, GBPCHF
2023-12-12 21:09:04 Analyzing trade decision: max_candle_rows:-32 candle_time:2023-12-12 19:08:00 timeframe:M1, GBPJPY
2023-12-12 21:09:04 Analyzing trade decision: max_candle_rows:-32 candle_time:2023-12-12 19:08:00 timeframe:M1, GBPJPY
2023-12-12 21:09:05 Processed Candles:
      PAIR                time     mid_c    mid_o   SL   TP  SPREAD      GAIN      LOSS  SIGNAL
25  GBPJPY 2023-12-12 19:04:00  182.9065  182.905  0.0  0.0   0.009  0.039569  182.9065       0
26  GBPJPY 2023-12-12 19:05:00  182.9200  182.905  0.0  0.0   0.006  0.020014  182.9200       0
27  GBPJPY 2023-12-12 19:06:00  182.9385  182.919  0.0  0.0   0.007  0.003444  182.9385       0
28  GBPJPY 2023-12-12 19:07:00  182.9575  182.939  0.0  0.0   0.011  0.024944  182.9575       0
29  GBPJPY 2023-12-12 19:08:00  182.9440  182.956  0.0  0.0   0.010  0.013625  182.9440       0, GBPJPY
2023-12-12 21:09:05 Processed Candles:
      PAIR                time     mid_c    mid_o   SL   TP  SPREAD      GAIN      LOSS  SIGNAL
25  GBPJPY 2023-12-12 19:04:00  182.9065  182.905  0.0  0.0   0.009  0.039569  182.9065       0
26  GBPJPY 2023-12-12 19:05:00  182.9200  182.905  0.0  0.0   0.006  0.020014  182.9200       0
27  GBPJPY 2023-12-12 19:06:00  182.9385  182.919  0.0  0.0   0.007  0.003444  182.9385       0
28  GBPJPY 2023-12-12 19:07:00  182.9575  182.939  0.0  0.0   0.011  0.024944  182.9575       0
29  GBPJPY 2023-12-12 19:08:00  182.9440  182.956  0.0  0.0   0.010  0.013625  182.9440       0, GBPJPY
2023-12-12 21:09:05 Analyzing trade decision: max_candle_rows:-32 candle_time:2023-12-12 19:08:00 timeframe:M1, GBPUSD
2023-12-12 21:09:05 Analyzing trade decision: max_candle_rows:-32 candle_time:2023-12-12 19:08:00 timeframe:M1, GBPUSD
2023-12-12 21:09:06 Processed Candles:
      PAIR                time     mid_c     mid_o   SL   TP   SPREAD      GAIN      LOSS  SIGNAL
25  GBPUSD 2023-12-12 19:04:00  1.256325  1.256330  0.0  0.0  0.00003  0.000035  1.256325       0
26  GBPUSD 2023-12-12 19:05:00  1.256260  1.256330  0.0  0.0  0.00002  0.000072  1.256260       0
27  GBPUSD 2023-12-12 19:06:00  1.256420  1.256265  0.0  0.0  0.00004  0.000102  1.256420       0
28  GBPUSD 2023-12-12 19:07:00  1.256470  1.256410  0.0  0.0  0.00002  0.000155  1.256470       0
29  GBPUSD 2023-12-12 19:08:00  1.256355  1.256455  0.0  0.0  0.00003  0.000053  1.256355       0, GBPUSD
2023-12-12 21:09:06 Processed Candles:
      PAIR                time     mid_c     mid_o   SL   TP   SPREAD      GAIN      LOSS  SIGNAL
25  GBPUSD 2023-12-12 19:04:00  1.256325  1.256330  0.0  0.0  0.00003  0.000035  1.256325       0
26  GBPUSD 2023-12-12 19:05:00  1.256260  1.256330  0.0  0.0  0.00002  0.000072  1.256260       0
27  GBPUSD 2023-12-12 19:06:00  1.256420  1.256265  0.0  0.0  0.00004  0.000102  1.256420       0
28  GBPUSD 2023-12-12 19:07:00  1.256470  1.256410  0.0  0.0  0.00002  0.000155  1.256470       0
29  GBPUSD 2023-12-12 19:08:00  1.256355  1.256455  0.0  0.0  0.00003  0.000053  1.256355       0, GBPUSD
2023-12-12 21:09:17 Processing triggered pairs: ['EURCHF', 'EURGBP']
2023-12-12 21:09:17 Processing triggered pairs: ['EURCHF', 'EURGBP']
2023-12-12 21:09:17 Analyzing trade decision: max_candle_rows:-33 candle_time:2023-12-12 19:08:00 timeframe:M1, EURCHF
2023-12-12 21:09:17 Analyzing trade decision: max_candle_rows:-33 candle_time:2023-12-12 19:08:00 timeframe:M1, EURCHF
2023-12-12 21:09:18 Processed Candles:
      PAIR                time     mid_c     mid_o   SL   TP   SPREAD      GAIN      LOSS  SIGNAL
26  EURCHF 2023-12-12 19:04:00  0.945060  0.945100  0.0  0.0  0.00006  0.000104  0.945060       0
27  EURCHF 2023-12-12 19:05:00  0.945050  0.945065  0.0  0.0  0.00006  0.000104  0.945050       0
28  EURCHF 2023-12-12 19:06:00  0.945045  0.945055  0.0  0.0  0.00007  0.000100  0.945045       0
29  EURCHF 2023-12-12 19:07:00  0.945060  0.945040  0.0  0.0  0.00006  0.000076  0.945060       0
30  EURCHF 2023-12-12 19:08:00  0.945030  0.945055  0.0  0.0  0.00006  0.000099  0.945030       0, EURCHF
2023-12-12 21:09:18 Processed Candles:
      PAIR                time     mid_c     mid_o   SL   TP   SPREAD      GAIN      LOSS  SIGNAL
26  EURCHF 2023-12-12 19:04:00  0.945060  0.945100  0.0  0.0  0.00006  0.000104  0.945060       0
27  EURCHF 2023-12-12 19:05:00  0.945050  0.945065  0.0  0.0  0.00006  0.000104  0.945050       0
28  EURCHF 2023-12-12 19:06:00  0.945045  0.945055  0.0  0.0  0.00007  0.000100  0.945045       0
29  EURCHF 2023-12-12 19:07:00  0.945060  0.945040  0.0  0.0  0.00006  0.000076  0.945060       0
30  EURCHF 2023-12-12 19:08:00  0.945030  0.945055  0.0  0.0  0.00006  0.000099  0.945030       0, EURCHF
2023-12-12 21:09:18 Analyzing trade decision: max_candle_rows:-32 candle_time:2023-12-12 19:08:00 timeframe:M1, EURGBP
2023-12-12 21:09:18 Analyzing trade decision: max_candle_rows:-32 candle_time:2023-12-12 19:08:00 timeframe:M1, EURGBP
2023-12-12 21:09:19 Processed Candles:
      PAIR                time     mid_c     mid_o   SL   TP   SPREAD      GAIN      LOSS  SIGNAL
25  EURGBP 2023-12-12 19:04:00  0.859035  0.859045  0.0  0.0  0.00003  0.000025  0.859035       0
26  EURGBP 2023-12-12 19:05:00  0.859020  0.859040  0.0  0.0  0.00002  0.000047  0.859020       0
27  EURGBP 2023-12-12 19:06:00  0.859020  0.859015  0.0  0.0  0.00002  0.000049  0.859020       0
28  EURGBP 2023-12-12 19:07:00  0.859035  0.859020  0.0  0.0  0.00003  0.000037  0.859035       0
29  EURGBP 2023-12-12 19:08:00  0.859030  0.859020  0.0  0.0  0.00002  0.000043  0.859030       0, EURGBP
2023-12-12 21:09:19 Processed Candles:
      PAIR                time     mid_c     mid_o   SL   TP   SPREAD      GAIN      LOSS  SIGNAL
25  EURGBP 2023-12-12 19:04:00  0.859035  0.859045  0.0  0.0  0.00003  0.000025  0.859035       0
26  EURGBP 2023-12-12 19:05:00  0.859020  0.859040  0.0  0.0  0.00002  0.000047  0.859020       0
27  EURGBP 2023-12-12 19:06:00  0.859020  0.859015  0.0  0.0  0.00002  0.000049  0.859020       0
28  EURGBP 2023-12-12 19:07:00  0.859035  0.859020  0.0  0.0  0.00003  0.000037  0.859035       0
29  EURGBP 2023-12-12 19:08:00  0.859030  0.859020  0.0  0.0  0.00002  0.000043  0.859030       0, EURGBP
2023-12-12 21:10:05 Processing triggered pairs: ['EURGBP', 'GBPJPY', 'GBPUSD']
2023-12-12 21:10:05 Processing triggered pairs: ['EURGBP', 'GBPJPY', 'GBPUSD']
2023-12-12 21:10:05 Analyzing trade decision: max_candle_rows:-32 candle_time:2023-12-12 19:09:00 timeframe:M1, EURGBP
2023-12-12 21:10:05 Analyzing trade decision: max_candle_rows:-32 candle_time:2023-12-12 19:09:00 timeframe:M1, EURGBP
2023-12-12 21:10:06 Processed Candles:
      PAIR                time     mid_c     mid_o   SL   TP   SPREAD      GAIN      LOSS  SIGNAL
25  EURGBP 2023-12-12 19:05:00  0.859020  0.859040  0.0  0.0  0.00002  0.000047  0.859020       0
26  EURGBP 2023-12-12 19:06:00  0.859020  0.859015  0.0  0.0  0.00002  0.000049  0.859020       0
27  EURGBP 2023-12-12 19:07:00  0.859035  0.859020  0.0  0.0  0.00003  0.000037  0.859035       0
28  EURGBP 2023-12-12 19:08:00  0.859030  0.859020  0.0  0.0  0.00002  0.000043  0.859030       0
29  EURGBP 2023-12-12 19:09:00  0.859020  0.859030  0.0  0.0  0.00002  0.000054  0.859020       0, EURGBP
2023-12-12 21:10:06 Processed Candles:
      PAIR                time     mid_c     mid_o   SL   TP   SPREAD      GAIN      LOSS  SIGNAL
25  EURGBP 2023-12-12 19:05:00  0.859020  0.859040  0.0  0.0  0.00002  0.000047  0.859020       0
26  EURGBP 2023-12-12 19:06:00  0.859020  0.859015  0.0  0.0  0.00002  0.000049  0.859020       0
27  EURGBP 2023-12-12 19:07:00  0.859035  0.859020  0.0  0.0  0.00003  0.000037  0.859035       0
28  EURGBP 2023-12-12 19:08:00  0.859030  0.859020  0.0  0.0  0.00002  0.000043  0.859030       0
29  EURGBP 2023-12-12 19:09:00  0.859020  0.859030  0.0  0.0  0.00002  0.000054  0.859020       0, EURGBP
2023-12-12 21:10:06 Analyzing trade decision: max_candle_rows:-32 candle_time:2023-12-12 19:09:00 timeframe:M1, GBPJPY
2023-12-12 21:10:06 Analyzing trade decision: max_candle_rows:-32 candle_time:2023-12-12 19:09:00 timeframe:M1, GBPJPY
2023-12-12 21:10:07 Processed Candles:
      PAIR                time     mid_c    mid_o   SL   TP  SPREAD      GAIN      LOSS  SIGNAL
25  GBPJPY 2023-12-12 19:05:00  182.9200  182.905  0.0  0.0   0.006  0.020014  182.9200       0
26  GBPJPY 2023-12-12 19:06:00  182.9385  182.919  0.0  0.0   0.007  0.003444  182.9385       0
27  GBPJPY 2023-12-12 19:07:00  182.9575  182.939  0.0  0.0   0.011  0.024944  182.9575       0
28  GBPJPY 2023-12-12 19:08:00  182.9440  182.956  0.0  0.0   0.010  0.013625  182.9440       0
29  GBPJPY 2023-12-12 19:09:00  182.9560  182.946  0.0  0.0   0.006  0.027069  182.9560       0, GBPJPY
2023-12-12 21:10:07 Processed Candles:
      PAIR                time     mid_c    mid_o   SL   TP  SPREAD      GAIN      LOSS  SIGNAL
25  GBPJPY 2023-12-12 19:05:00  182.9200  182.905  0.0  0.0   0.006  0.020014  182.9200       0
26  GBPJPY 2023-12-12 19:06:00  182.9385  182.919  0.0  0.0   0.007  0.003444  182.9385       0
27  GBPJPY 2023-12-12 19:07:00  182.9575  182.939  0.0  0.0   0.011  0.024944  182.9575       0
28  GBPJPY 2023-12-12 19:08:00  182.9440  182.956  0.0  0.0   0.010  0.013625  182.9440       0
29  GBPJPY 2023-12-12 19:09:00  182.9560  182.946  0.0  0.0   0.006  0.027069  182.9560       0, GBPJPY
2023-12-12 21:10:07 Analyzing trade decision: max_candle_rows:-32 candle_time:2023-12-12 19:09:00 timeframe:M1, GBPUSD
2023-12-12 21:10:07 Analyzing trade decision: max_candle_rows:-32 candle_time:2023-12-12 19:09:00 timeframe:M1, GBPUSD
2023-12-12 21:10:08 Processed Candles:
      PAIR                time     mid_c     mid_o   SL   TP   SPREAD      GAIN      LOSS  SIGNAL
25  GBPUSD 2023-12-12 19:05:00  1.256260  1.256330  0.0  0.0  0.00002  0.000072  1.256260       0
26  GBPUSD 2023-12-12 19:06:00  1.256420  1.256265  0.0  0.0  0.00004  0.000102  1.256420       0
27  GBPUSD 2023-12-12 19:07:00  1.256470  1.256410  0.0  0.0  0.00002  0.000155  1.256470       0
28  GBPUSD 2023-12-12 19:08:00  1.256355  1.256455  0.0  0.0  0.00003  0.000053  1.256355       0
29  GBPUSD 2023-12-12 19:09:00  1.256415  1.256370  0.0  0.0  0.00003  0.000125  1.256415       0, GBPUSD
2023-12-12 21:10:08 Processed Candles:
      PAIR                time     mid_c     mid_o   SL   TP   SPREAD      GAIN      LOSS  SIGNAL
25  GBPUSD 2023-12-12 19:05:00  1.256260  1.256330  0.0  0.0  0.00002  0.000072  1.256260       0
26  GBPUSD 2023-12-12 19:06:00  1.256420  1.256265  0.0  0.0  0.00004  0.000102  1.256420       0
27  GBPUSD 2023-12-12 19:07:00  1.256470  1.256410  0.0  0.0  0.00002  0.000155  1.256470       0
28  GBPUSD 2023-12-12 19:08:00  1.256355  1.256455  0.0  0.0  0.00003  0.000053  1.256355       0
29  GBPUSD 2023-12-12 19:09:00  1.256415  1.256370  0.0  0.0  0.00003  0.000125  1.256415       0, GBPUSD
2023-12-12 21:10:19 Processing triggered pairs: ['GBPCHF']
2023-12-12 21:10:19 Processing triggered pairs: ['GBPCHF']
2023-12-12 21:10:19 Analyzing trade decision: max_candle_rows:-32 candle_time:2023-12-12 19:09:00 timeframe:M1, GBPCHF
2023-12-12 21:10:19 Analyzing trade decision: max_candle_rows:-32 candle_time:2023-12-12 19:09:00 timeframe:M1, GBPCHF
2023-12-12 21:10:20 Processed Candles:
      PAIR                time     mid_c     mid_o   SL   TP   SPREAD      GAIN      LOSS  SIGNAL
25  GBPCHF 2023-12-12 19:05:00  1.100170  1.100155  0.0  0.0  0.00008  0.000033  1.100170       0
26  GBPCHF 2023-12-12 19:06:00  1.100145  1.100180  0.0  0.0  0.00009  0.000047  1.100145       0
27  GBPCHF 2023-12-12 19:07:00  1.100145  1.100140  0.0  0.0  0.00009  0.000038  1.100145       0
28  GBPCHF 2023-12-12 19:08:00  1.100120  1.100140  0.0  0.0  0.00008  0.000056  1.100120       0
29  GBPCHF 2023-12-12 19:09:00  1.100145  1.100125  0.0  0.0  0.00009  0.000024  1.100145       0, GBPCHF
2023-12-12 21:10:20 Processed Candles:
      PAIR                time     mid_c     mid_o   SL   TP   SPREAD      GAIN      LOSS  SIGNAL
25  GBPCHF 2023-12-12 19:05:00  1.100170  1.100155  0.0  0.0  0.00008  0.000033  1.100170       0
26  GBPCHF 2023-12-12 19:06:00  1.100145  1.100180  0.0  0.0  0.00009  0.000047  1.100145       0
27  GBPCHF 2023-12-12 19:07:00  1.100145  1.100140  0.0  0.0  0.00009  0.000038  1.100145       0
28  GBPCHF 2023-12-12 19:08:00  1.100120  1.100140  0.0  0.0  0.00008  0.000056  1.100120       0
29  GBPCHF 2023-12-12 19:09:00  1.100145  1.100125  0.0  0.0  0.00009  0.000024  1.100145       0, GBPCHF
2023-12-12 21:10:32 Processing triggered pairs: ['EURCHF']
2023-12-12 21:10:32 Processing triggered pairs: ['EURCHF']
2023-12-12 21:10:32 Analyzing trade decision: max_candle_rows:-33 candle_time:2023-12-12 19:09:00 timeframe:M1, EURCHF
2023-12-12 21:10:32 Analyzing trade decision: max_candle_rows:-33 candle_time:2023-12-12 19:09:00 timeframe:M1, EURCHF
2023-12-12 21:10:32 Processed Candles:
      PAIR                time     mid_c     mid_o   SL   TP   SPREAD      GAIN      LOSS  SIGNAL
26  EURCHF 2023-12-12 19:05:00  0.945050  0.945065  0.0  0.0  0.00006  0.000104  0.945050       0
27  EURCHF 2023-12-12 19:06:00  0.945045  0.945055  0.0  0.0  0.00007  0.000100  0.945045       0
28  EURCHF 2023-12-12 19:07:00  0.945060  0.945040  0.0  0.0  0.00006  0.000076  0.945060       0
29  EURCHF 2023-12-12 19:08:00  0.945030  0.945055  0.0  0.0  0.00006  0.000099  0.945030       0
30  EURCHF 2023-12-12 19:09:00  0.945020  0.945040  0.0  0.0  0.00006  0.000102  0.945020       0, EURCHF
2023-12-12 21:10:32 Processed Candles:
      PAIR                time     mid_c     mid_o   SL   TP   SPREAD      GAIN      LOSS  SIGNAL
26  EURCHF 2023-12-12 19:05:00  0.945050  0.945065  0.0  0.0  0.00006  0.000104  0.945050       0
27  EURCHF 2023-12-12 19:06:00  0.945045  0.945055  0.0  0.0  0.00007  0.000100  0.945045       0
28  EURCHF 2023-12-12 19:07:00  0.945060  0.945040  0.0  0.0  0.00006  0.000076  0.945060       0
29  EURCHF 2023-12-12 19:08:00  0.945030  0.945055  0.0  0.0  0.00006  0.000099  0.945030       0
30  EURCHF 2023-12-12 19:09:00  0.945020  0.945040  0.0  0.0  0.00006  0.000102  0.945020       0, EURCHF
2023-12-12 21:11:00 LogWrapper init() ./logs/main_2023-12-12.log
2023-12-12 21:11:00 LogWrapper init() ./logs/main_2023-12-12.log
2023-12-12 21:11:00 Trading Bot initiated with Trade Settings:
{'n_ma': 13, 'n_std': 2.5, 'maxspread': 0.0004, 'mingain': 0.0006, 'riskreward': 1.5}
{'n_ma': 12, 'n_std': 2.5, 'maxspread': 0.0004, 'mingain': 0.0006, 'riskreward': 1.5}
{'n_ma': 12, 'n_std': 2.5, 'maxspread': 0.0004, 'mingain': 0.0006, 'riskreward': 1.5}
{'n_ma': 12, 'n_std': 2.5, 'maxspread': 0.04, 'mingain': 0.06, 'riskreward': 1.5}
{'n_ma': 12, 'n_std': 2.5, 'maxspread': 0.0004, 'mingain': 0.0006, 'riskreward': 1.5}

2023-12-12 21:11:00 Trading Bot initiated with Trade Settings:
{'n_ma': 13, 'n_std': 2.5, 'maxspread': 0.0004, 'mingain': 0.0006, 'riskreward': 1.5}
{'n_ma': 12, 'n_std': 2.5, 'maxspread': 0.0004, 'mingain': 0.0006, 'riskreward': 1.5}
{'n_ma': 12, 'n_std': 2.5, 'maxspread': 0.0004, 'mingain': 0.0006, 'riskreward': 1.5}
{'n_ma': 12, 'n_std': 2.5, 'maxspread': 0.04, 'mingain': 0.06, 'riskreward': 1.5}
{'n_ma': 12, 'n_std': 2.5, 'maxspread': 0.0004, 'mingain': 0.0006, 'riskreward': 1.5}

2023-12-12 21:11:04 Bot shut down
2023-12-12 21:11:04 Bot shut down
