2023-12-14 00:07:02 LogWrapper initialized: ./logs/main_2023-12-14.log
2023-12-14 00:07:02 Trading Bot initialized with settings: Trade Settings:
{'n_ma': 5, 'n_std': 1.5, 'maxspread': 0.0004, 'mingain': 0.0006, 'riskreward': 1.5}
{'n_ma': 7, 'n_std': 2.5, 'maxspread': 0.0004, 'mingain': 0.0006, 'riskreward': 1.5}
{'n_ma': 5, 'n_std': 1.5, 'maxspread': 0.0004, 'mingain': 0.0006, 'riskreward': 1.5}
{'n_ma': 6, 'n_std': 1.5, 'maxspread': 0.04, 'mingain': 0.06, 'riskreward': 1.5}
{'n_ma': 5, 'n_std': 1.5, 'maxspread': 0.0004, 'mingain': 0.0006, 'riskreward': 1.5}

2023-12-14 00:07:05 Bot turned on
2023-12-14 00:07:17 Processing triggered pairs: ['GBPCHF']
2023-12-14 00:07:17 Analyzing trade decision: timeframe:M1, GBPCHF candle_time:2023-12-13 22:06:00 
2023-12-14 00:07:17 Processed Information - PAIR: [GBPCHF],time: [2023-12-13 22:06:00],SL: [0.0],TP: [0.0],GAIN: [3.733333333322264e-05],LOSS: [1.09975],SIGNAL: [0]
2023-12-14 00:07:39 Processing triggered pairs: ['EURCHF']
2023-12-14 00:07:39 Analyzing trade decision: timeframe:M1, EURCHF candle_time:2023-12-13 22:00:00 
2023-12-14 00:07:40 Processed Information - PAIR: [EURCHF],time: [2023-12-13 22:00:00],SL: [0.0],TP: [0.0],GAIN: [3.933333333328015e-05],LOSS: [0.9479],SIGNAL: [0]
2023-12-14 00:08:11 Processing triggered pairs: ['EURCHF', 'GBPCHF', 'GBPJPY']
2023-12-14 00:08:11 Analyzing trade decision: timeframe:M1, EURCHF candle_time:2023-12-13 22:07:00 
2023-12-14 00:08:11 Processed Information - PAIR: [EURCHF],time: [2023-12-13 22:07:00],SL: [0.0],TP: [0.0],GAIN: [2.6666666666841365e-05],LOSS: [0.9479],SIGNAL: [0]
2023-12-14 00:08:11 Analyzing trade decision: timeframe:M1, GBPCHF candle_time:2023-12-13 22:07:00 
2023-12-14 00:08:12 Processed Information - PAIR: [GBPCHF],time: [2023-12-13 22:07:00],SL: [0.0],TP: [0.0],GAIN: [8.000000000008001e-05],LOSS: [1.09968],SIGNAL: [0]
2023-12-14 00:08:12 Analyzing trade decision: timeframe:M1, GBPJPY candle_time:2023-12-13 22:07:00 
2023-12-14 00:08:13 Processed Information - PAIR: [GBPJPY],time: [2023-12-13 22:07:00],SL: [0.0],TP: [0.0],GAIN: [0.019249999999971124],LOSS: [180.3045],SIGNAL: [0]
2023-12-14 00:08:45 Processing triggered pairs: ['GBPUSD']
2023-12-14 00:08:45 Analyzing trade decision: timeframe:M1, GBPUSD candle_time:2023-12-13 22:06:00 
2023-12-14 00:08:46 Processed Information - PAIR: [GBPUSD],time: [2023-12-13 22:06:00],SL: [0.0],TP: [0.0],GAIN: [3.500000000000725e-05],LOSS: [1.261835],SIGNAL: [0]
2023-12-14 00:09:06 Processing triggered pairs: ['GBPCHF']
2023-12-14 00:09:06 Analyzing trade decision: timeframe:M1, GBPCHF candle_time:2023-12-13 22:08:00 
2023-12-14 00:09:07 Processed Information - PAIR: [GBPCHF],time: [2023-12-13 22:08:00],SL: [0.0],TP: [0.0],GAIN: [1.2000000000123023e-05],LOSS: [1.099755],SIGNAL: [0]
2023-12-14 00:16:18 LogWrapper initialized: ./logs/main_2023-12-14.log
2023-12-14 00:16:18 Trading Bot initialized with settings: Trade Settings:
{'n_ma': 5, 'n_std': 1.5, 'maxspread': 0.0004, 'mingain': 0.0006, 'riskreward': 1.5}
{'n_ma': 7, 'n_std': 2.5, 'maxspread': 0.0004, 'mingain': 0.0006, 'riskreward': 1.5}
{'n_ma': 5, 'n_std': 1.5, 'maxspread': 0.0004, 'mingain': 0.0006, 'riskreward': 1.5}
{'n_ma': 6, 'n_std': 1.5, 'maxspread': 0.04, 'mingain': 0.06, 'riskreward': 1.5}
{'n_ma': 5, 'n_std': 1.5, 'maxspread': 0.0004, 'mingain': 0.0006, 'riskreward': 1.5}

2023-12-14 00:16:21 Bot turned on
2023-12-14 00:16:34 LogWrapper initialized: ./logs/main_2023-12-14.log
2023-12-14 00:16:34 Trading Bot initialized with settings: Trade Settings:
{'n_ma': 5, 'n_std': 1.5, 'maxspread': 0.0004, 'mingain': 0.0006, 'riskreward': 1.5}
{'n_ma': 7, 'n_std': 2.5, 'maxspread': 0.0004, 'mingain': 0.0006, 'riskreward': 1.5}
{'n_ma': 5, 'n_std': 1.5, 'maxspread': 0.0004, 'mingain': 0.0006, 'riskreward': 1.5}
{'n_ma': 6, 'n_std': 1.5, 'maxspread': 0.04, 'mingain': 0.06, 'riskreward': 1.5}
{'n_ma': 5, 'n_std': 1.5, 'maxspread': 0.0004, 'mingain': 0.0006, 'riskreward': 1.5}

2023-12-14 00:16:38 Bot shut down
2023-12-14 00:24:54 LogWrapper initialized: ./logs/main_2023-12-14.log
2023-12-14 00:24:54 Trading Bot initialized with settings: Trade Settings:
{'n_ma': 5, 'n_std': 1.5, 'maxspread': 0.0004, 'mingain': 0.0006, 'riskreward': 1.5}
{'n_ma': 7, 'n_std': 2.5, 'maxspread': 0.0004, 'mingain': 0.0006, 'riskreward': 1.5}
{'n_ma': 5, 'n_std': 1.5, 'maxspread': 0.0004, 'mingain': 0.0006, 'riskreward': 1.5}
{'n_ma': 6, 'n_std': 1.5, 'maxspread': 0.04, 'mingain': 0.06, 'riskreward': 1.5}
{'n_ma': 5, 'n_std': 1.5, 'maxspread': 0.0004, 'mingain': 0.0006, 'riskreward': 1.5}

2023-12-14 00:24:58 Bot turned on
2023-12-14 00:25:08 Processing triggered pairs: ['EURCHF', 'EURGBP', 'GBPCHF', 'GBPJPY', 'GBPUSD']
2023-12-14 00:25:08 Analyzing trade decision: timeframe:M1, EURCHF candle_time:2023-12-13 22:24:00 
2023-12-14 00:25:09 Processed Information - PAIR: [EURCHF],time: [2023-12-13 22:24:00],SL: [0.0],TP: [0.0],GAIN: [2.3333333333375172e-05],LOSS: [0.94772],SIGNAL: [0]
2023-12-14 00:25:09 Analyzing trade decision: timeframe:M1, EURGBP candle_time:2023-12-13 22:24:00 
2023-12-14 00:25:09 Processed Information - PAIR: [EURGBP],time: [2023-12-13 22:24:00],SL: [0.0],TP: [0.0],GAIN: [2.9761904762004576e-05],LOSS: [0.861785],SIGNAL: [0]
2023-12-14 00:25:09 Analyzing trade decision: timeframe:M1, GBPCHF candle_time:2023-12-13 22:24:00 
2023-12-14 00:25:10 Processed Information - PAIR: [GBPCHF],time: [2023-12-13 22:24:00],SL: [0.0],TP: [0.0],GAIN: [6.233333333316438e-05],LOSS: [1.099465],SIGNAL: [0]
2023-12-14 00:25:10 Analyzing trade decision: timeframe:M1, GBPJPY candle_time:2023-12-13 22:24:00 
2023-12-14 00:25:11 Processed Information - PAIR: [GBPJPY],time: [2023-12-13 22:24:00],SL: [0.0],TP: [0.0],GAIN: [0.055305555555548835],LOSS: [180.1905],SIGNAL: [0]
2023-12-14 00:25:11 Analyzing trade decision: timeframe:M1, GBPUSD candle_time:2023-12-13 22:24:00 
2023-12-14 00:25:12 Processed Information - PAIR: [GBPUSD],time: [2023-12-13 22:24:00],SL: [0.0],TP: [0.0],GAIN: [3.33333333379926e-07],LOSS: [1.2619500000000001],SIGNAL: [0]
2023-12-14 00:26:03 Processing triggered pairs: ['EURGBP', 'GBPJPY']
2023-12-14 00:26:03 Analyzing trade decision: timeframe:M1, EURGBP candle_time:2023-12-13 22:25:00 
2023-12-14 00:26:03 Processed Information - PAIR: [EURGBP],time: [2023-12-13 22:25:00],SL: [0.0],TP: [0.0],GAIN: [2.119047619042469e-05],LOSS: [0.861835],SIGNAL: [0]
2023-12-14 00:26:03 Analyzing trade decision: timeframe:M1, GBPJPY candle_time:2023-12-13 22:25:00 
2023-12-14 00:26:04 Processed Information - PAIR: [GBPJPY],time: [2023-12-13 22:25:00],SL: [0.0],TP: [0.0],GAIN: [0.05663888888889801],LOSS: [180.17000000000002],SIGNAL: [0]
2023-12-14 00:26:21 LogWrapper initialized: ./logs/main_2023-12-14.log
2023-12-14 00:26:21 Trading Bot initialized with settings: Trade Settings:
{'n_ma': 5, 'n_std': 1.5, 'maxspread': 0.0004, 'mingain': 0.0006, 'riskreward': 1.5}
{'n_ma': 7, 'n_std': 2.5, 'maxspread': 0.0004, 'mingain': 0.0006, 'riskreward': 1.5}
{'n_ma': 5, 'n_std': 1.5, 'maxspread': 0.0004, 'mingain': 0.0006, 'riskreward': 1.5}
{'n_ma': 6, 'n_std': 1.5, 'maxspread': 0.04, 'mingain': 0.06, 'riskreward': 1.5}
{'n_ma': 5, 'n_std': 1.5, 'maxspread': 0.0004, 'mingain': 0.0006, 'riskreward': 1.5}

2023-12-14 00:26:24 Bot turned on
2023-12-14 00:27:06 Processing triggered pairs: ['EURCHF', 'GBPCHF', 'GBPJPY', 'GBPUSD']
2023-12-14 00:27:06 Analyzing trade decision: timeframe:M1, EURCHF candle_time:2023-12-13 22:26:00 
2023-12-14 00:27:07 Processed Information - PAIR: [EURCHF],time: [2023-12-13 22:26:00],SL: [0.0],TP: [0.0],GAIN: [2.666666666706341e-06],LOSS: [0.9477],SIGNAL: [0]
2023-12-14 00:27:07 Analyzing trade decision: timeframe:M1, GBPCHF candle_time:2023-12-13 22:25:00 
2023-12-14 00:27:24 LogWrapper initialized: ./logs/main_2023-12-14.log
2023-12-14 00:27:24 Trading Bot initialized with settings: Trade Settings:
{'n_ma': 5, 'n_std': 1.5, 'maxspread': 0.0004, 'mingain': 0.0006, 'riskreward': 1.5}
{'n_ma': 7, 'n_std': 2.5, 'maxspread': 0.0004, 'mingain': 0.0006, 'riskreward': 1.5}
{'n_ma': 5, 'n_std': 1.5, 'maxspread': 0.0004, 'mingain': 0.0006, 'riskreward': 1.5}
{'n_ma': 6, 'n_std': 1.5, 'maxspread': 0.04, 'mingain': 0.06, 'riskreward': 1.5}
{'n_ma': 5, 'n_std': 1.5, 'maxspread': 0.0004, 'mingain': 0.0006, 'riskreward': 1.5}

2023-12-14 00:27:27 Bot turned on
2023-12-14 00:27:37 Processing triggered pairs: ['EURGBP']
2023-12-14 00:27:37 Analyzing trade decision: timeframe:M1, EURGBP candle_time:2023-12-13 22:26:00 
2023-12-14 00:27:38 Processed Information - PAIR: [EURGBP],time: [2023-12-13 22:26:00],SL: [0.0],TP: [0.0],GAIN: [7.285714285709677e-05],LOSS: [0.86189],SIGNAL: [0]
2023-12-14 00:28:08 Processing triggered pairs: ['EURCHF', 'EURGBP', 'GBPCHF', 'GBPJPY']
2023-12-14 00:28:08 Analyzing trade decision: timeframe:M1, EURCHF candle_time:2023-12-13 22:27:00 
2023-12-14 00:28:09 Processed Information - PAIR: [EURCHF],time: [2023-12-13 22:27:00],SL: [0.0],TP: [0.0],GAIN: [4.66666666665283e-06],LOSS: [0.9477],SIGNAL: [0]
2023-12-14 00:28:09 Analyzing trade decision: timeframe:M1, EURGBP candle_time:2023-12-13 22:27:00 
2023-12-14 00:28:09 Processed Information - PAIR: [EURGBP],time: [2023-12-13 22:27:00],SL: [0.0],TP: [0.0],GAIN: [4.357142857125407e-05],LOSS: [0.861865],SIGNAL: [0]
2023-12-14 00:28:09 Analyzing trade decision: timeframe:M1, GBPCHF candle_time:2023-12-13 22:27:00 
2023-12-14 00:28:10 Processed Information - PAIR: [GBPCHF],time: [2023-12-13 22:27:00],SL: [0.0],TP: [0.0],GAIN: [1.7999999999851468e-05],LOSS: [1.099465],SIGNAL: [0]
2023-12-14 00:28:10 Analyzing trade decision: timeframe:M1, GBPJPY candle_time:2023-12-13 22:27:00 
2023-12-14 00:28:11 Processed Information - PAIR: [GBPJPY],time: [2023-12-13 22:27:00],SL: [0.0],TP: [0.0],GAIN: [0.14269444444443025],LOSS: [180.023],SIGNAL: [0]
2023-12-14 00:28:42 Processing triggered pairs: ['GBPUSD']
2023-12-14 00:28:42 Analyzing trade decision: timeframe:M1, GBPUSD candle_time:2023-12-13 22:27:00 
2023-12-14 00:28:42 Processed Information - PAIR: [GBPUSD],time: [2023-12-13 22:27:00],SL: [0.0],TP: [0.0],GAIN: [8.333333333387927e-06],LOSS: [1.261925],SIGNAL: [0]
2023-12-14 00:29:03 Processing triggered pairs: ['EURGBP', 'GBPJPY']
2023-12-14 00:29:03 Analyzing trade decision: timeframe:M1, EURGBP candle_time:2023-12-13 22:28:00 
2023-12-14 00:29:12 LogWrapper initialized: ./logs/main_2023-12-14.log
2023-12-14 00:29:12 Trading Bot initialized with settings: Trade Settings:
{'n_ma': 5, 'n_std': 1.5, 'maxspread': 0.0004, 'mingain': 0.0006, 'riskreward': 1.5}
{'n_ma': 7, 'n_std': 2.5, 'maxspread': 0.0004, 'mingain': 0.0006, 'riskreward': 1.5}
{'n_ma': 5, 'n_std': 1.5, 'maxspread': 0.0004, 'mingain': 0.0006, 'riskreward': 1.5}
{'n_ma': 6, 'n_std': 1.5, 'maxspread': 0.04, 'mingain': 0.06, 'riskreward': 1.5}
{'n_ma': 5, 'n_std': 1.5, 'maxspread': 0.0004, 'mingain': 0.0006, 'riskreward': 1.5}

2023-12-14 00:29:16 Bot turned on
2023-12-14 00:29:57 Processing triggered pairs: ['GBPCHF']
2023-12-14 00:29:57 Analyzing trade decision: timeframe:M1, GBPCHF candle_time:2023-12-13 22:28:00 
2023-12-14 00:29:58 Processed Information - PAIR: [GBPCHF],time: [2023-12-13 22:28:00],SL: [0.0],TP: [0.0],GAIN: [4.000000000115023e-06],LOSS: [1.099475],SIGNAL: [0]
2023-12-14 00:30:08 Processing triggered pairs: ['EURCHF', 'EURGBP', 'GBPCHF', 'GBPJPY', 'GBPUSD']
2023-12-14 00:30:08 Analyzing trade decision: timeframe:M1, EURCHF candle_time:2023-12-13 22:29:00 
2023-12-14 00:30:09 Processed Information - PAIR: [EURCHF],time: [2023-12-13 22:29:00],SL: [0.0],TP: [0.0],GAIN: [3.6666666666240744e-06],LOSS: [0.947705],SIGNAL: [0]
2023-12-14 00:30:09 Analyzing trade decision: timeframe:M1, EURGBP candle_time:2023-12-13 22:29:00 
2023-12-14 00:30:09 Processed Information - PAIR: [EURGBP],time: [2023-12-13 22:29:00],SL: [0.0],TP: [0.0],GAIN: [2.999999999997449e-05],LOSS: [0.861865],SIGNAL: [0]
2023-12-14 00:30:09 Analyzing trade decision: timeframe:M1, GBPCHF candle_time:2023-12-13 22:29:00 
2023-12-14 00:30:10 Processed Information - PAIR: [GBPCHF],time: [2023-12-13 22:29:00],SL: [0.0],TP: [0.0],GAIN: [1.0000000000065512e-05],LOSS: [1.0994799999999998],SIGNAL: [0]
2023-12-14 00:30:10 Analyzing trade decision: timeframe:M1, GBPJPY candle_time:2023-12-13 22:29:00 
2023-12-14 00:30:11 Processed Information - PAIR: [GBPJPY],time: [2023-12-13 22:29:00],SL: [0.0],TP: [0.0],GAIN: [0.20997222222220557],LOSS: [179.8625],SIGNAL: [0]
2023-12-14 00:30:11 Analyzing trade decision: timeframe:M1, GBPUSD candle_time:2023-12-13 22:28:00 
2023-12-14 00:30:11 Processed Information - PAIR: [GBPUSD],time: [2023-12-13 22:28:00],SL: [0.0],TP: [0.0],GAIN: [1.4666666666718342e-05],LOSS: [1.261925],SIGNAL: [0]
